<?xml version="1.0" encoding="UTF-8"?>
<testsuite xmlns:xsi="http://www.w3.org/2001/XMLSchema-instance" xsi:noNamespaceSchemaLocation="https://maven.apache.org/surefire/maven-surefire-plugin/xsd/surefire-test-report.xsd" name="com.xiaochen.ec.EcApplicationTests" time="1.932" tests="1" errors="1" skipped="0" failures="0">
  <properties>
[...]
</properties>
  <testcase name="contextLoads" classname="com.xiaochen.ec.EcApplicationTests" time="0.001">
    <error message="org.springframework.boot.builder.SpringApplicationBuilder.&lt;init&gt;([Ljava/lang/Object;)V" type="java.lang.NoSuchMethodError"><![CDATA[java.lang.NoSuchMethodError: org.springframework.boot.builder.SpringApplicationBuilder.<init>([Ljava/lang/Object;)V
]]></error>
    <system-out><![CDATA[18:33:23.894 [main] DEBUG org.springframework.test.context.junit4.SpringJUnit4ClassRunner - SpringJUnit4ClassRunner constructor called with [class com.xiaochen.ec.EcApplicationTests]
18:33:23.899 [main] DEBUG org.springframework.test.context.BootstrapUtils - Instantiating CacheAwareContextLoaderDelegate from class [org.springframework.test.context.cache.DefaultCacheAwareContextLoaderDelegate]
18:33:23.906 [main] DEBUG org.springframework.test.context.BootstrapUtils - Instantiating BootstrapContext using constructor [public org.springframework.test.context.support.DefaultBootstrapContext(java.lang.Class,org.springframework.test.context.CacheAwareContextLoaderDelegate)]
18:33:23.925 [main] DEBUG org.springframework.test.context.BootstrapUtils - Instantiating TestContextBootstrapper for test class [com.xiaochen.ec.EcApplicationTests] from class [org.springframework.boot.test.context.SpringBootTestContextBootstrapper]
18:33:23.936 [main] INFO org.springframework.boot.test.context.SpringBootTestContextBootstrapper - Neither @ContextConfiguration nor @ContextHierarchy found for test class [com.xiaochen.ec.EcApplicationTests], using SpringBootContextLoader
18:33:23.939 [main] DEBUG org.springframework.test.context.support.AbstractContextLoader - Did not detect default resource location for test class [com.xiaochen.ec.EcApplicationTests]: class path resource [com/xiaochen/ec/EcApplicationTests-context.xml] does not exist
18:33:23.939 [main] DEBUG org.springframework.test.context.support.AbstractContextLoader - Did not detect default resource location for test class [com.xiaochen.ec.EcApplicationTests]: class path resource [com/xiaochen/ec/EcApplicationTestsContext.groovy] does not exist
18:33:23.939 [main] INFO org.springframework.test.context.support.AbstractContextLoader - Could not detect default resource locations for test class [com.xiaochen.ec.EcApplicationTests]: no resource found for suffixes {-context.xml, Context.groovy}.
18:33:23.940 [main] INFO org.springframework.test.context.support.AnnotationConfigContextLoaderUtils - Could not detect default configuration classes for test class [com.xiaochen.ec.EcApplicationTests]: EcApplicationTests does not declare any static, non-private, non-final, nested classes annotated with @Configuration.
18:33:23.984 [main] DEBUG org.springframework.test.context.support.ActiveProfilesUtils - Could not find an 'annotation declaring class' for annotation type [org.springframework.test.context.ActiveProfiles] and class [com.xiaochen.ec.EcApplicationTests]
18:33:23.990 [main] DEBUG org.springframework.core.env.StandardEnvironment - Adding PropertySource 'systemProperties' with lowest search precedence
18:33:23.990 [main] DEBUG org.springframework.core.env.StandardEnvironment - Adding PropertySource 'systemEnvironment' with lowest search precedence
18:33:23.991 [main] DEBUG org.springframework.core.env.StandardEnvironment - Initialized StandardEnvironment with PropertySources [MapPropertySource@558922244 {name='systemProperties', properties={java.runtime.name=Java(TM) SE Runtime Environment, sun.boot.library.path=D:\install\jdk1.8.0_181\jre\bin, java.vm.version=25.181-b13, java.vm.vendor=Oracle Corporation, java.vendor.url=http://java.oracle.com/, path.separator=;, java.vm.name=Java HotSpot(TM) 64-Bit Server VM, file.encoding.pkg=sun.io, user.country=CN, user.script=, sun.java.launcher=SUN_STANDARD, sun.os.patch.level=Service Pack 1, java.vm.specification.name=Java Virtual Machine Specification, user.dir=D:\work\git\consul-service-client-demo, java.runtime.version=1.8.0_181-b13, basedir=D:\work\git\consul-service-client-demo, java.awt.graphicsenv=sun.awt.Win32GraphicsEnvironment, java.endorsed.dirs=D:\install\jdk1.8.0_181\jre\lib\endorsed, os.arch=amd64, surefire.real.class.path=C:\Users\CHENTA~1\AppData\Local\Temp\surefire9105424707794164565\surefirebooter3786374194449593413.jar, java.io.tmpdir=C:\Users\CHENTA~1\AppData\Local\Temp\, line.separator=
, java.vm.specification.vendor=Oracle Corporation, user.variant=, os.name=Windows 7, sun.jnu.encoding=GBK, java.library.path=D:\install\jdk1.8.0_181\jre\bin;C:\Windows\Sun\Java\bin;C:\Windows\system32;C:\Windows;C:\Program Files (x86)\Common Files\Oracle\Java\javapath;C:\Windows\system32;C:\Windows;C:\Windows\System32\Wbem;C:\Windows\System32\WindowsPowerShell\v1.0\;C:\Program Files\MySQL\MySQL Utilities 1.6\;C:\Windows\system32;C:\Windows;C:\Windows\System32\Wbem;C:\Windows\System32\WindowsPowerShell\v1.0\;D:\install\Git\cmd;D:\install\jdk1.8.0_181\bin;D:\install\jdk1.8.0_181\jre\bin;D:\install\gradle-4.10.2\bin;D:\install\apache-maven-3.5.4\bin;;., surefire.test.class.path=D:\work\git\consul-service-client-demo\target\test-classes;D:\work\git\consul-service-client-demo\target\classes;D:\install\apache-maven-3.5.4\repo\org\springframework\boot\spring-boot-starter-actuator\2.0.2.RELEASE\spring-boot-starter-actuator-2.0.2.RELEASE.jar;D:\install\apache-maven-3.5.4\repo\org\springframework\boot\spring-boot-starter\2.0.2.RELEASE\spring-boot-starter-2.0.2.RELEASE.jar;D:\install\apache-maven-3.5.4\repo\org\springframework\boot\spring-boot\2.0.2.RELEASE\spring-boot-2.0.2.RELEASE.jar;D:\install\apache-maven-3.5.4\repo\org\springframework\boot\spring-boot-autoconfigure\2.0.2.RELEASE\spring-boot-autoconfigure-2.0.2.RELEASE.jar;D:\install\apache-maven-3.5.4\repo\org\springframework\boot\spring-boot-starter-logging\2.0.2.RELEASE\spring-boot-starter-logging-2.0.2.RELEASE.jar;D:\install\apache-maven-3.5.4\repo\ch\qos\logback\logback-classic\1.2.3\logback-classic-1.2.3.jar;D:\install\apache-maven-3.5.4\repo\ch\qos\logback\logback-core\1.2.3\logback-core-1.2.3.jar;D:\install\apache-maven-3.5.4\repo\org\apache\logging\log4j\log4j-to-slf4j\2.10.0\log4j-to-slf4j-2.10.0.jar;D:\install\apache-maven-3.5.4\repo\org\apache\logging\log4j\log4j-api\2.10.0\log4j-api-2.10.0.jar;D:\install\apache-maven-3.5.4\repo\org\slf4j\jul-to-slf4j\1.7.25\jul-to-slf4j-1.7.25.jar;D:\install\apache-maven-3.5.4\repo\javax\annotation\javax.annotation-api\1.3.2\javax.annotation-api-1.3.2.jar;D:\install\apache-maven-3.5.4\repo\org\yaml\snakeyaml\1.19\snakeyaml-1.19.jar;D:\install\apache-maven-3.5.4\repo\org\springframework\boot\spring-boot-actuator-autoconfigure\2.0.2.RELEASE\spring-boot-actuator-autoconfigure-2.0.2.RELEASE.jar;D:\install\apache-maven-3.5.4\repo\org\springframework\boot\spring-boot-actuator\2.0.2.RELEASE\spring-boot-actuator-2.0.2.RELEASE.jar;D:\install\apache-maven-3.5.4\repo\com\fasterxml\jackson\core\jackson-databind\2.9.5\jackson-databind-2.9.5.jar;D:\install\apache-maven-3.5.4\repo\org\springframework\spring-context\5.0.6.RELEASE\spring-context-5.0.6.RELEASE.jar;D:\install\apache-maven-3.5.4\repo\org\springframework\spring-aop\5.0.6.RELEASE\spring-aop-5.0.6.RELEASE.jar;D:\install\apache-maven-3.5.4\repo\org\springframework\spring-expression\5.0.6.RELEASE\spring-expression-5.0.6.RELEASE.jar;D:\install\apache-maven-3.5.4\repo\com\fasterxml\jackson\datatype\jackson-datatype-jsr310\2.9.5\jackson-datatype-jsr310-2.9.5.jar;D:\install\apache-maven-3.5.4\repo\io\micrometer\micrometer-core\1.0.4\micrometer-core-1.0.4.jar;D:\install\apache-maven-3.5.4\repo\org\hdrhistogram\HdrHistogram\2.1.10\HdrHistogram-2.1.10.jar;D:\install\apache-maven-3.5.4\repo\org\latencyutils\LatencyUtils\2.0.3\LatencyUtils-2.0.3.jar;D:\install\apache-maven-3.5.4\repo\org\springframework\boot\spring-boot-starter-webflux\2.0.2.RELEASE\spring-boot-starter-webflux-2.0.2.RELEASE.jar;D:\install\apache-maven-3.5.4\repo\org\springframework\boot\spring-boot-starter-json\2.0.2.RELEASE\spring-boot-starter-json-2.0.2.RELEASE.jar;D:\install\apache-maven-3.5.4\repo\com\fasterxml\jackson\datatype\jackson-datatype-jdk8\2.9.5\jackson-datatype-jdk8-2.9.5.jar;D:\install\apache-maven-3.5.4\repo\com\fasterxml\jackson\module\jackson-module-parameter-names\2.9.5\jackson-module-parameter-names-2.9.5.jar;D:\install\apache-maven-3.5.4\repo\org\springframework\boot\spring-boot-starter-reactor-netty\2.0.2.RELEASE\spring-boot-starter-reactor-netty-2.0.2.RELEASE.jar;D:\install\apache-maven-3.5.4\repo\io\projectreactor\ipc\reactor-netty\0.7.7.RELEASE\reactor-netty-0.7.7.RELEASE.jar;D:\install\apache-maven-3.5.4\repo\io\netty\netty-codec-http\4.1.24.Final\netty-codec-http-4.1.24.Final.jar;D:\install\apache-maven-3.5.4\repo\io\netty\netty-codec\4.1.24.Final\netty-codec-4.1.24.Final.jar;D:\install\apache-maven-3.5.4\repo\io\netty\netty-handler\4.1.24.Final\netty-handler-4.1.24.Final.jar;D:\install\apache-maven-3.5.4\repo\io\netty\netty-buffer\4.1.24.Final\netty-buffer-4.1.24.Final.jar;D:\install\apache-maven-3.5.4\repo\io\netty\netty-transport\4.1.24.Final\netty-transport-4.1.24.Final.jar;D:\install\apache-maven-3.5.4\repo\io\netty\netty-resolver\4.1.24.Final\netty-resolver-4.1.24.Final.jar;D:\install\apache-maven-3.5.4\repo\io\netty\netty-handler-proxy\4.1.24.Final\netty-handler-proxy-4.1.24.Final.jar;D:\install\apache-maven-3.5.4\repo\io\netty\netty-codec-socks\4.1.24.Final\netty-codec-socks-4.1.24.Final.jar;D:\install\apache-maven-3.5.4\repo\io\netty\netty-transport-native-epoll\4.1.24.Final\netty-transport-native-epoll-4.1.24.Final-linux-x86_64.jar;D:\install\apache-maven-3.5.4\repo\io\netty\netty-common\4.1.24.Final\netty-common-4.1.24.Final.jar;D:\install\apache-maven-3.5.4\repo\io\netty\netty-transport-native-unix-common\4.1.24.Final\netty-transport-native-unix-common-4.1.24.Final.jar;D:\install\apache-maven-3.5.4\repo\org\hibernate\validator\hibernate-validator\6.0.9.Final\hibernate-validator-6.0.9.Final.jar;D:\install\apache-maven-3.5.4\repo\javax\validation\validation-api\2.0.1.Final\validation-api-2.0.1.Final.jar;D:\install\apache-maven-3.5.4\repo\org\jboss\logging\jboss-logging\3.3.2.Final\jboss-logging-3.3.2.Final.jar;D:\install\apache-maven-3.5.4\repo\com\fasterxml\classmate\1.3.4\classmate-1.3.4.jar;D:\install\apache-maven-3.5.4\repo\org\springframework\spring-web\5.0.6.RELEASE\spring-web-5.0.6.RELEASE.jar;D:\install\apache-maven-3.5.4\repo\org\springframework\spring-beans\5.0.6.RELEASE\spring-beans-5.0.6.RELEASE.jar;D:\install\apache-maven-3.5.4\repo\org\springframework\spring-webflux\5.0.6.RELEASE\spring-webflux-5.0.6.RELEASE.jar;D:\install\apache-maven-3.5.4\repo\org\synchronoss\cloud\nio-multipart-parser\1.1.0\nio-multipart-parser-1.1.0.jar;D:\install\apache-maven-3.5.4\repo\org\slf4j\slf4j-api\1.7.25\slf4j-api-1.7.25.jar;D:\install\apache-maven-3.5.4\repo\org\synchronoss\cloud\nio-stream-storage\1.1.3\nio-stream-storage-1.1.3.jar;D:\install\apache-maven-3.5.4\repo\org\springframework\cloud\spring-cloud-starter-consul-discovery\1.0.2.RELEASE\spring-cloud-starter-consul-discovery-1.0.2.RELEASE.jar;D:\install\apache-maven-3.5.4\repo\org\springframework\cloud\spring-cloud-starter-consul\1.0.2.RELEASE\spring-cloud-starter-consul-1.0.2.RELEASE.jar;D:\install\apache-maven-3.5.4\repo\org\springframework\cloud\spring-cloud-context\1.1.1.RELEASE\spring-cloud-context-1.1.1.RELEASE.jar;D:\install\apache-maven-3.5.4\repo\org\springframework\cloud\spring-cloud-consul-core\1.0.2.RELEASE\spring-cloud-consul-core-1.0.2.RELEASE.jar;D:\install\apache-maven-3.5.4\repo\com\ecwid\consul\consul-api\1.1.10\consul-api-1.1.10.jar;D:\install\apache-maven-3.5.4\repo\com\google\code\gson\gson\2.8.4\gson-2.8.4.jar;D:\install\apache-maven-3.5.4\repo\org\apache\httpcomponents\httpclient\4.5.5\httpclient-4.5.5.jar;D:\install\apache-maven-3.5.4\repo\commons-codec\commons-codec\1.11\commons-codec-1.11.jar;D:\install\apache-maven-3.5.4\repo\org\apache\httpcomponents\httpcore\4.4.9\httpcore-4.4.9.jar;D:\install\apache-maven-3.5.4\repo\org\springframework\cloud\spring-cloud-consul-discovery\1.0.2.RELEASE\spring-cloud-consul-discovery-1.0.2.RELEASE.jar;D:\install\apache-maven-3.5.4\repo\org\springframework\cloud\spring-cloud-netflix-core\1.1.5.RELEASE\spring-cloud-netflix-core-1.1.5.RELEASE.jar;D:\install\apache-maven-3.5.4\repo\org\springframework\cloud\spring-cloud-starter-ribbon\1.1.5.RELEASE\spring-cloud-starter-ribbon-1.1.5.RELEASE.jar;D:\install\apache-maven-3.5.4\repo\com\netflix\ribbon\ribbon\2.2.0\ribbon-2.2.0.jar;D:\install\apache-maven-3.5.4\repo\com\netflix\ribbon\ribbon-transport\2.2.0\ribbon-transport-2.2.0.jar;D:\install\apache-maven-3.5.4\repo\io\reactivex\rxnetty-contexts\0.4.9\rxnetty-contexts-0.4.9.jar;D:\install\apache-maven-3.5.4\repo\io\reactivex\rxnetty-servo\0.4.9\rxnetty-servo-0.4.9.jar;D:\install\apache-maven-3.5.4\repo\javax\inject\javax.inject\1\javax.inject-1.jar;D:\install\apache-maven-3.5.4\repo\io\reactivex\rxnetty\0.4.9\rxnetty-0.4.9.jar;D:\install\apache-maven-3.5.4\repo\io\netty\netty-transport-native-epoll\4.1.24.Final\netty-transport-native-epoll-4.1.24.Final.jar;D:\install\apache-maven-3.5.4\repo\com\netflix\ribbon\ribbon-core\2.2.0\ribbon-core-2.2.0.jar;D:\install\apache-maven-3.5.4\repo\commons-lang\commons-lang\2.6\commons-lang-2.6.jar;D:\install\apache-maven-3.5.4\repo\com\netflix\ribbon\ribbon-httpclient\2.2.0\ribbon-httpclient-2.2.0.jar;D:\install\apache-maven-3.5.4\repo\commons-collections\commons-collections\3.2.1\commons-collections-3.2.1.jar;D:\install\apache-maven-3.5.4\repo\com\sun\jersey\jersey-client\1.19.1\jersey-client-1.19.1.jar;D:\install\apache-maven-3.5.4\repo\com\sun\jersey\jersey-core\1.19.1\jersey-core-1.19.1.jar;D:\install\apache-maven-3.5.4\repo\javax\ws\rs\jsr311-api\1.1.1\jsr311-api-1.1.1.jar;D:\install\apache-maven-3.5.4\repo\com\sun\jersey\contribs\jersey-apache-client4\1.19.1\jersey-apache-client4-1.19.1.jar;D:\install\apache-maven-3.5.4\repo\com\netflix\servo\servo-core\0.10.1\servo-core-0.10.1.jar;D:\install\apache-maven-3.5.4\repo\com\netflix\servo\servo-internal\0.10.1\servo-internal-0.10.1.jar;D:\install\apache-maven-3.5.4\repo\com\netflix\netflix-commons\netflix-commons-util\0.1.1\netflix-commons-util-0.1.1.jar;D:\install\apache-maven-3.5.4\repo\com\netflix\ribbon\ribbon-loadbalancer\2.2.0\ribbon-loadbalancer-2.2.0.jar;D:\install\apache-maven-3.5.4\repo\com\netflix\netflix-commons\netflix-statistics\0.1.1\netflix-statistics-0.1.1.jar;D:\install\apache-maven-3.5.4\repo\io\reactivex\rxjava\1.3.8\rxjava-1.3.8.jar;D:\install\apache-maven-3.5.4\repo\joda-time\joda-time\2.9.9\joda-time-2.9.9.jar;D:\install\apache-maven-3.5.4\repo\org\springframework\boot\spring-boot-starter-web\2.0.2.RELEASE\spring-boot-starter-web-2.0.2.RELEASE.jar;D:\install\apache-maven-3.5.4\repo\org\springframework\boot\spring-boot-starter-tomcat\2.0.2.RELEASE\spring-boot-starter-tomcat-2.0.2.RELEASE.jar;D:\install\apache-maven-3.5.4\repo\org\apache\tomcat\embed\tomcat-embed-core\8.5.31\tomcat-embed-core-8.5.31.jar;D:\install\apache-maven-3.5.4\repo\org\apache\tomcat\embed\tomcat-embed-el\8.5.31\tomcat-embed-el-8.5.31.jar;D:\install\apache-maven-3.5.4\repo\org\apache\tomcat\embed\tomcat-embed-websocket\8.5.31\tomcat-embed-websocket-8.5.31.jar;D:\install\apache-maven-3.5.4\repo\org\springframework\spring-webmvc\5.0.6.RELEASE\spring-webmvc-5.0.6.RELEASE.jar;D:\install\apache-maven-3.5.4\repo\org\springframework\boot\spring-boot-starter-test\2.0.2.RELEASE\spring-boot-starter-test-2.0.2.RELEASE.jar;D:\install\apache-maven-3.5.4\repo\org\springframework\boot\spring-boot-test\2.0.2.RELEASE\spring-boot-test-2.0.2.RELEASE.jar;D:\install\apache-maven-3.5.4\repo\org\springframework\boot\spring-boot-test-autoconfigure\2.0.2.RELEASE\spring-boot-test-autoconfigure-2.0.2.RELEASE.jar;D:\install\apache-maven-3.5.4\repo\com\jayway\jsonpath\json-path\2.4.0\json-path-2.4.0.jar;D:\install\apache-maven-3.5.4\repo\net\minidev\json-smart\2.3\json-smart-2.3.jar;D:\install\apache-maven-3.5.4\repo\net\minidev\accessors-smart\1.2\accessors-smart-1.2.jar;D:\install\apache-maven-3.5.4\repo\org\ow2\asm\asm\5.0.4\asm-5.0.4.jar;D:\install\apache-maven-3.5.4\repo\junit\junit\4.12\junit-4.12.jar;D:\install\apache-maven-3.5.4\repo\org\assertj\assertj-core\3.9.1\assertj-core-3.9.1.jar;D:\install\apache-maven-3.5.4\repo\org\mockito\mockito-core\2.15.0\mockito-core-2.15.0.jar;D:\install\apache-maven-3.5.4\repo\net\bytebuddy\byte-buddy\1.7.11\byte-buddy-1.7.11.jar;D:\install\apache-maven-3.5.4\repo\net\bytebuddy\byte-buddy-agent\1.7.11\byte-buddy-agent-1.7.11.jar;D:\install\apache-maven-3.5.4\repo\org\objenesis\objenesis\2.1\objenesis-2.1.jar;D:\install\apache-maven-3.5.4\repo\org\hamcrest\hamcrest-core\1.3\hamcrest-core-1.3.jar;D:\install\apache-maven-3.5.4\repo\org\hamcrest\hamcrest-library\1.3\hamcrest-library-1.3.jar;D:\install\apache-maven-3.5.4\repo\org\skyscreamer\jsonassert\1.5.0\jsonassert-1.5.0.jar;D:\install\apache-maven-3.5.4\repo\com\vaadin\external\google\android-json\0.0.20131108.vaadin1\android-json-0.0.20131108.vaadin1.jar;D:\install\apache-maven-3.5.4\repo\org\springframework\spring-core\5.0.6.RELEASE\spring-core-5.0.6.RELEASE.jar;D:\install\apache-maven-3.5.4\repo\org\springframework\spring-jcl\5.0.6.RELEASE\spring-jcl-5.0.6.RELEASE.jar;D:\install\apache-maven-3.5.4\repo\org\springframework\spring-test\5.0.6.RELEASE\spring-test-5.0.6.RELEASE.jar;D:\install\apache-maven-3.5.4\repo\org\xmlunit\xmlunit-core\2.5.1\xmlunit-core-2.5.1.jar;D:\install\apache-maven-3.5.4\repo\io\projectreactor\reactor-test\3.1.7.RELEASE\reactor-test-3.1.7.RELEASE.jar;D:\install\apache-maven-3.5.4\repo\io\projectreactor\reactor-core\3.1.7.RELEASE\reactor-core-3.1.7.RELEASE.jar;D:\install\apache-maven-3.5.4\repo\org\reactivestreams\reactive-streams\1.0.2\reactive-streams-1.0.2.jar;D:\install\apache-maven-3.5.4\repo\org\springframework\cloud\spring-cloud-starter-feign\1.1.5.RELEASE\spring-cloud-starter-feign-1.1.5.RELEASE.jar;D:\install\apache-maven-3.5.4\repo\org\springframework\cloud\spring-cloud-starter\1.1.1.RELEASE\spring-cloud-starter-1.1.1.RELEASE.jar;D:\install\apache-maven-3.5.4\repo\org\springframework\security\spring-security-rsa\1.0.1.RELEASE\spring-security-rsa-1.0.1.RELEASE.jar;D:\install\apache-maven-3.5.4\repo\org\bouncycastle\bcpkix-jdk15on\1.47\bcpkix-jdk15on-1.47.jar;D:\install\apache-maven-3.5.4\repo\org\bouncycastle\bcprov-jdk15on\1.47\bcprov-jdk15on-1.47.jar;D:\install\apache-maven-3.5.4\repo\org\springframework\cloud\spring-cloud-commons\1.1.1.RELEASE\spring-cloud-commons-1.1.1.RELEASE.jar;D:\install\apache-maven-3.5.4\repo\org\springframework\security\spring-security-crypto\5.0.5.RELEASE\spring-security-crypto-5.0.5.RELEASE.jar;D:\install\apache-maven-3.5.4\repo\com\netflix\feign\feign-core\8.16.2\feign-core-8.16.2.jar;D:\install\apache-maven-3.5.4\repo\org\jvnet\animal-sniffer-annotation\1.0\animal-sniffer-annotation-1.0.jar;D:\install\apache-maven-3.5.4\repo\com\netflix\feign\feign-slf4j\8.16.2\feign-slf4j-8.16.2.jar;D:\install\apache-maven-3.5.4\repo\com\netflix\feign\feign-hystrix\8.16.2\feign-hystrix-8.16.2.jar;D:\install\apache-maven-3.5.4\repo\com\netflix\hystrix\hystrix-core\1.5.3\hystrix-core-1.5.3.jar;D:\install\apache-maven-3.5.4\repo\org\springframework\cloud\spring-cloud-starter-archaius\1.1.5.RELEASE\spring-cloud-starter-archaius-1.1.5.RELEASE.jar;D:\install\apache-maven-3.5.4\repo\com\netflix\archaius\archaius-core\0.7.4\archaius-core-0.7.4.jar;D:\install\apache-maven-3.5.4\repo\com\google\code\findbugs\jsr305\3.0.1\jsr305-3.0.1.jar;D:\install\apache-maven-3.5.4\repo\commons-configuration\commons-configuration\1.8\commons-configuration-1.8.jar;D:\install\apache-maven-3.5.4\repo\commons-logging\commons-logging\1.1.1\commons-logging-1.1.1.jar;D:\install\apache-maven-3.5.4\repo\com\fasterxml\jackson\core\jackson-annotations\2.9.0\jackson-annotations-2.9.0.jar;D:\install\apache-maven-3.5.4\repo\com\fasterxml\jackson\core\jackson-core\2.9.5\jackson-core-2.9.5.jar;D:\install\apache-maven-3.5.4\repo\com\google\guava\guava\18.0\guava-18.0.jar;, java.specification.name=Java Platform API Specification, java.class.version=52.0, sun.management.compiler=HotSpot 64-Bit Tiered Compilers, os.version=6.1, user.home=C:\Users\chentaikuang, user.timezone=Asia/Shanghai, java.awt.printerjob=sun.awt.windows.WPrinterJob, file.encoding=GBK, java.specification.version=1.8, java.class.path=D:\work\git\consul-service-client-demo\target\test-classes;D:\work\git\consul-service-client-demo\target\classes;D:\install\apache-maven-3.5.4\repo\org\springframework\boot\spring-boot-starter-actuator\2.0.2.RELEASE\spring-boot-starter-actuator-2.0.2.RELEASE.jar;D:\install\apache-maven-3.5.4\repo\org\springframework\boot\spring-boot-starter\2.0.2.RELEASE\spring-boot-starter-2.0.2.RELEASE.jar;D:\install\apache-maven-3.5.4\repo\org\springframework\boot\spring-boot\2.0.2.RELEASE\spring-boot-2.0.2.RELEASE.jar;D:\install\apache-maven-3.5.4\repo\org\springframework\boot\spring-boot-autoconfigure\2.0.2.RELEASE\spring-boot-autoconfigure-2.0.2.RELEASE.jar;D:\install\apache-maven-3.5.4\repo\org\springframework\boot\spring-boot-starter-logging\2.0.2.RELEASE\spring-boot-starter-logging-2.0.2.RELEASE.jar;D:\install\apache-maven-3.5.4\repo\ch\qos\logback\logback-classic\1.2.3\logback-classic-1.2.3.jar;D:\install\apache-maven-3.5.4\repo\ch\qos\logback\logback-core\1.2.3\logback-core-1.2.3.jar;D:\install\apache-maven-3.5.4\repo\org\apache\logging\log4j\log4j-to-slf4j\2.10.0\log4j-to-slf4j-2.10.0.jar;D:\install\apache-maven-3.5.4\repo\org\apache\logging\log4j\log4j-api\2.10.0\log4j-api-2.10.0.jar;D:\install\apache-maven-3.5.4\repo\org\slf4j\jul-to-slf4j\1.7.25\jul-to-slf4j-1.7.25.jar;D:\install\apache-maven-3.5.4\repo\javax\annotation\javax.annotation-api\1.3.2\javax.annotation-api-1.3.2.jar;D:\install\apache-maven-3.5.4\repo\org\yaml\snakeyaml\1.19\snakeyaml-1.19.jar;D:\install\apache-maven-3.5.4\repo\org\springframework\boot\spring-boot-actuator-autoconfigure\2.0.2.RELEASE\spring-boot-actuator-autoconfigure-2.0.2.RELEASE.jar;D:\install\apache-maven-3.5.4\repo\org\springframework\boot\spring-boot-actuator\2.0.2.RELEASE\spring-boot-actuator-2.0.2.RELEASE.jar;D:\install\apache-maven-3.5.4\repo\com\fasterxml\jackson\core\jackson-databind\2.9.5\jackson-databind-2.9.5.jar;D:\install\apache-maven-3.5.4\repo\org\springframework\spring-context\5.0.6.RELEASE\spring-context-5.0.6.RELEASE.jar;D:\install\apache-maven-3.5.4\repo\org\springframework\spring-aop\5.0.6.RELEASE\spring-aop-5.0.6.RELEASE.jar;D:\install\apache-maven-3.5.4\repo\org\springframework\spring-expression\5.0.6.RELEASE\spring-expression-5.0.6.RELEASE.jar;D:\install\apache-maven-3.5.4\repo\com\fasterxml\jackson\datatype\jackson-datatype-jsr310\2.9.5\jackson-datatype-jsr310-2.9.5.jar;D:\install\apache-maven-3.5.4\repo\io\micrometer\micrometer-core\1.0.4\micrometer-core-1.0.4.jar;D:\install\apache-maven-3.5.4\repo\org\hdrhistogram\HdrHistogram\2.1.10\HdrHistogram-2.1.10.jar;D:\install\apache-maven-3.5.4\repo\org\latencyutils\LatencyUtils\2.0.3\LatencyUtils-2.0.3.jar;D:\install\apache-maven-3.5.4\repo\org\springframework\boot\spring-boot-starter-webflux\2.0.2.RELEASE\spring-boot-starter-webflux-2.0.2.RELEASE.jar;D:\install\apache-maven-3.5.4\repo\org\springframework\boot\spring-boot-starter-json\2.0.2.RELEASE\spring-boot-starter-json-2.0.2.RELEASE.jar;D:\install\apache-maven-3.5.4\repo\com\fasterxml\jackson\datatype\jackson-datatype-jdk8\2.9.5\jackson-datatype-jdk8-2.9.5.jar;D:\install\apache-maven-3.5.4\repo\com\fasterxml\jackson\module\jackson-module-parameter-names\2.9.5\jackson-module-parameter-names-2.9.5.jar;D:\install\apache-maven-3.5.4\repo\org\springframework\boot\spring-boot-starter-reactor-netty\2.0.2.RELEASE\spring-boot-starter-reactor-netty-2.0.2.RELEASE.jar;D:\install\apache-maven-3.5.4\repo\io\projectreactor\ipc\reactor-netty\0.7.7.RELEASE\reactor-netty-0.7.7.RELEASE.jar;D:\install\apache-maven-3.5.4\repo\io\netty\netty-codec-http\4.1.24.Final\netty-codec-http-4.1.24.Final.jar;D:\install\apache-maven-3.5.4\repo\io\netty\netty-codec\4.1.24.Final\netty-codec-4.1.24.Final.jar;D:\install\apache-maven-3.5.4\repo\io\netty\netty-handler\4.1.24.Final\netty-handler-4.1.24.Final.jar;D:\install\apache-maven-3.5.4\repo\io\netty\netty-buffer\4.1.24.Final\netty-buffer-4.1.24.Final.jar;D:\install\apache-maven-3.5.4\repo\io\netty\netty-transport\4.1.24.Final\netty-transport-4.1.24.Final.jar;D:\install\apache-maven-3.5.4\repo\io\netty\netty-resolver\4.1.24.Final\netty-resolver-4.1.24.Final.jar;D:\install\apache-maven-3.5.4\repo\io\netty\netty-handler-proxy\4.1.24.Final\netty-handler-proxy-4.1.24.Final.jar;D:\install\apache-maven-3.5.4\repo\io\netty\netty-codec-socks\4.1.24.Final\netty-codec-socks-4.1.24.Final.jar;D:\install\apache-maven-3.5.4\repo\io\netty\netty-transport-native-epoll\4.1.24.Final\netty-transport-native-epoll-4.1.24.Final-linux-x86_64.jar;D:\install\apache-maven-3.5.4\repo\io\netty\netty-common\4.1.24.Final\netty-common-4.1.24.Final.jar;D:\install\apache-maven-3.5.4\repo\io\netty\netty-transport-native-unix-common\4.1.24.Final\netty-transport-native-unix-common-4.1.24.Final.jar;D:\install\apache-maven-3.5.4\repo\org\hibernate\validator\hibernate-validator\6.0.9.Final\hibernate-validator-6.0.9.Final.jar;D:\install\apache-maven-3.5.4\repo\javax\validation\validation-api\2.0.1.Final\validation-api-2.0.1.Final.jar;D:\install\apache-maven-3.5.4\repo\org\jboss\logging\jboss-logging\3.3.2.Final\jboss-logging-3.3.2.Final.jar;D:\install\apache-maven-3.5.4\repo\com\fasterxml\classmate\1.3.4\classmate-1.3.4.jar;D:\install\apache-maven-3.5.4\repo\org\springframework\spring-web\5.0.6.RELEASE\spring-web-5.0.6.RELEASE.jar;D:\install\apache-maven-3.5.4\repo\org\springframework\spring-beans\5.0.6.RELEASE\spring-beans-5.0.6.RELEASE.jar;D:\install\apache-maven-3.5.4\repo\org\springframework\spring-webflux\5.0.6.RELEASE\spring-webflux-5.0.6.RELEASE.jar;D:\install\apache-maven-3.5.4\repo\org\synchronoss\cloud\nio-multipart-parser\1.1.0\nio-multipart-parser-1.1.0.jar;D:\install\apache-maven-3.5.4\repo\org\slf4j\slf4j-api\1.7.25\slf4j-api-1.7.25.jar;D:\install\apache-maven-3.5.4\repo\org\synchronoss\cloud\nio-stream-storage\1.1.3\nio-stream-storage-1.1.3.jar;D:\install\apache-maven-3.5.4\repo\org\springframework\cloud\spring-cloud-starter-consul-discovery\1.0.2.RELEASE\spring-cloud-starter-consul-discovery-1.0.2.RELEASE.jar;D:\install\apache-maven-3.5.4\repo\org\springframework\cloud\spring-cloud-starter-consul\1.0.2.RELEASE\spring-cloud-starter-consul-1.0.2.RELEASE.jar;D:\install\apache-maven-3.5.4\repo\org\springframework\cloud\spring-cloud-context\1.1.1.RELEASE\spring-cloud-context-1.1.1.RELEASE.jar;D:\install\apache-maven-3.5.4\repo\org\springframework\cloud\spring-cloud-consul-core\1.0.2.RELEASE\spring-cloud-consul-core-1.0.2.RELEASE.jar;D:\install\apache-maven-3.5.4\repo\com\ecwid\consul\consul-api\1.1.10\consul-api-1.1.10.jar;D:\install\apache-maven-3.5.4\repo\com\google\code\gson\gson\2.8.4\gson-2.8.4.jar;D:\install\apache-maven-3.5.4\repo\org\apache\httpcomponents\httpclient\4.5.5\httpclient-4.5.5.jar;D:\install\apache-maven-3.5.4\repo\commons-codec\commons-codec\1.11\commons-codec-1.11.jar;D:\install\apache-maven-3.5.4\repo\org\apache\httpcomponents\httpcore\4.4.9\httpcore-4.4.9.jar;D:\install\apache-maven-3.5.4\repo\org\springframework\cloud\spring-cloud-consul-discovery\1.0.2.RELEASE\spring-cloud-consul-discovery-1.0.2.RELEASE.jar;D:\install\apache-maven-3.5.4\repo\org\springframework\cloud\spring-cloud-netflix-core\1.1.5.RELEASE\spring-cloud-netflix-core-1.1.5.RELEASE.jar;D:\install\apache-maven-3.5.4\repo\org\springframework\cloud\spring-cloud-starter-ribbon\1.1.5.RELEASE\spring-cloud-starter-ribbon-1.1.5.RELEASE.jar;D:\install\apache-maven-3.5.4\repo\com\netflix\ribbon\ribbon\2.2.0\ribbon-2.2.0.jar;D:\install\apache-maven-3.5.4\repo\com\netflix\ribbon\ribbon-transport\2.2.0\ribbon-transport-2.2.0.jar;D:\install\apache-maven-3.5.4\repo\io\reactivex\rxnetty-contexts\0.4.9\rxnetty-contexts-0.4.9.jar;D:\install\apache-maven-3.5.4\repo\io\reactivex\rxnetty-servo\0.4.9\rxnetty-servo-0.4.9.jar;D:\install\apache-maven-3.5.4\repo\javax\inject\javax.inject\1\javax.inject-1.jar;D:\install\apache-maven-3.5.4\repo\io\reactivex\rxnetty\0.4.9\rxnetty-0.4.9.jar;D:\install\apache-maven-3.5.4\repo\io\netty\netty-transport-native-epoll\4.1.24.Final\netty-transport-native-epoll-4.1.24.Final.jar;D:\install\apache-maven-3.5.4\repo\com\netflix\ribbon\ribbon-core\2.2.0\ribbon-core-2.2.0.jar;D:\install\apache-maven-3.5.4\repo\commons-lang\commons-lang\2.6\commons-lang-2.6.jar;D:\install\apache-maven-3.5.4\repo\com\netflix\ribbon\ribbon-httpclient\2.2.0\ribbon-httpclient-2.2.0.jar;D:\install\apache-maven-3.5.4\repo\commons-collections\commons-collections\3.2.1\commons-collections-3.2.1.jar;D:\install\apache-maven-3.5.4\repo\com\sun\jersey\jersey-client\1.19.1\jersey-client-1.19.1.jar;D:\install\apache-maven-3.5.4\repo\com\sun\jersey\jersey-core\1.19.1\jersey-core-1.19.1.jar;D:\install\apache-maven-3.5.4\repo\javax\ws\rs\jsr311-api\1.1.1\jsr311-api-1.1.1.jar;D:\install\apache-maven-3.5.4\repo\com\sun\jersey\contribs\jersey-apache-client4\1.19.1\jersey-apache-client4-1.19.1.jar;D:\install\apache-maven-3.5.4\repo\com\netflix\servo\servo-core\0.10.1\servo-core-0.10.1.jar;D:\install\apache-maven-3.5.4\repo\com\netflix\servo\servo-internal\0.10.1\servo-internal-0.10.1.jar;D:\install\apache-maven-3.5.4\repo\com\netflix\netflix-commons\netflix-commons-util\0.1.1\netflix-commons-util-0.1.1.jar;D:\install\apache-maven-3.5.4\repo\com\netflix\ribbon\ribbon-loadbalancer\2.2.0\ribbon-loadbalancer-2.2.0.jar;D:\install\apache-maven-3.5.4\repo\com\netflix\netflix-commons\netflix-statistics\0.1.1\netflix-statistics-0.1.1.jar;D:\install\apache-maven-3.5.4\repo\io\reactivex\rxjava\1.3.8\rxjava-1.3.8.jar;D:\install\apache-maven-3.5.4\repo\joda-time\joda-time\2.9.9\joda-time-2.9.9.jar;D:\install\apache-maven-3.5.4\repo\org\springframework\boot\spring-boot-starter-web\2.0.2.RELEASE\spring-boot-starter-web-2.0.2.RELEASE.jar;D:\install\apache-maven-3.5.4\repo\org\springframework\boot\spring-boot-starter-tomcat\2.0.2.RELEASE\spring-boot-starter-tomcat-2.0.2.RELEASE.jar;D:\install\apache-maven-3.5.4\repo\org\apache\tomcat\embed\tomcat-embed-core\8.5.31\tomcat-embed-core-8.5.31.jar;D:\install\apache-maven-3.5.4\repo\org\apache\tomcat\embed\tomcat-embed-el\8.5.31\tomcat-embed-el-8.5.31.jar;D:\install\apache-maven-3.5.4\repo\org\apache\tomcat\embed\tomcat-embed-websocket\8.5.31\tomcat-embed-websocket-8.5.31.jar;D:\install\apache-maven-3.5.4\repo\org\springframework\spring-webmvc\5.0.6.RELEASE\spring-webmvc-5.0.6.RELEASE.jar;D:\install\apache-maven-3.5.4\repo\org\springframework\boot\spring-boot-starter-test\2.0.2.RELEASE\spring-boot-starter-test-2.0.2.RELEASE.jar;D:\install\apache-maven-3.5.4\repo\org\springframework\boot\spring-boot-test\2.0.2.RELEASE\spring-boot-test-2.0.2.RELEASE.jar;D:\install\apache-maven-3.5.4\repo\org\springframework\boot\spring-boot-test-autoconfigure\2.0.2.RELEASE\spring-boot-test-autoconfigure-2.0.2.RELEASE.jar;D:\install\apache-maven-3.5.4\repo\com\jayway\jsonpath\json-path\2.4.0\json-path-2.4.0.jar;D:\install\apache-maven-3.5.4\repo\net\minidev\json-smart\2.3\json-smart-2.3.jar;D:\install\apache-maven-3.5.4\repo\net\minidev\accessors-smart\1.2\accessors-smart-1.2.jar;D:\install\apache-maven-3.5.4\repo\org\ow2\asm\asm\5.0.4\asm-5.0.4.jar;D:\install\apache-maven-3.5.4\repo\junit\junit\4.12\junit-4.12.jar;D:\install\apache-maven-3.5.4\repo\org\assertj\assertj-core\3.9.1\assertj-core-3.9.1.jar;D:\install\apache-maven-3.5.4\repo\org\mockito\mockito-core\2.15.0\mockito-core-2.15.0.jar;D:\install\apache-maven-3.5.4\repo\net\bytebuddy\byte-buddy\1.7.11\byte-buddy-1.7.11.jar;D:\install\apache-maven-3.5.4\repo\net\bytebuddy\byte-buddy-agent\1.7.11\byte-buddy-agent-1.7.11.jar;D:\install\apache-maven-3.5.4\repo\org\objenesis\objenesis\2.1\objenesis-2.1.jar;D:\install\apache-maven-3.5.4\repo\org\hamcrest\hamcrest-core\1.3\hamcrest-core-1.3.jar;D:\install\apache-maven-3.5.4\repo\org\hamcrest\hamcrest-library\1.3\hamcrest-library-1.3.jar;D:\install\apache-maven-3.5.4\repo\org\skyscreamer\jsonassert\1.5.0\jsonassert-1.5.0.jar;D:\install\apache-maven-3.5.4\repo\com\vaadin\external\google\android-json\0.0.20131108.vaadin1\android-json-0.0.20131108.vaadin1.jar;D:\install\apache-maven-3.5.4\repo\org\springframework\spring-core\5.0.6.RELEASE\spring-core-5.0.6.RELEASE.jar;D:\install\apache-maven-3.5.4\repo\org\springframework\spring-jcl\5.0.6.RELEASE\spring-jcl-5.0.6.RELEASE.jar;D:\install\apache-maven-3.5.4\repo\org\springframework\spring-test\5.0.6.RELEASE\spring-test-5.0.6.RELEASE.jar;D:\install\apache-maven-3.5.4\repo\org\xmlunit\xmlunit-core\2.5.1\xmlunit-core-2.5.1.jar;D:\install\apache-maven-3.5.4\repo\io\projectreactor\reactor-test\3.1.7.RELEASE\reactor-test-3.1.7.RELEASE.jar;D:\install\apache-maven-3.5.4\repo\io\projectreactor\reactor-core\3.1.7.RELEASE\reactor-core-3.1.7.RELEASE.jar;D:\install\apache-maven-3.5.4\repo\org\reactivestreams\reactive-streams\1.0.2\reactive-streams-1.0.2.jar;D:\install\apache-maven-3.5.4\repo\org\springframework\cloud\spring-cloud-starter-feign\1.1.5.RELEASE\spring-cloud-starter-feign-1.1.5.RELEASE.jar;D:\install\apache-maven-3.5.4\repo\org\springframework\cloud\spring-cloud-starter\1.1.1.RELEASE\spring-cloud-starter-1.1.1.RELEASE.jar;D:\install\apache-maven-3.5.4\repo\org\springframework\security\spring-security-rsa\1.0.1.RELEASE\spring-security-rsa-1.0.1.RELEASE.jar;D:\install\apache-maven-3.5.4\repo\org\bouncycastle\bcpkix-jdk15on\1.47\bcpkix-jdk15on-1.47.jar;D:\install\apache-maven-3.5.4\repo\org\bouncycastle\bcprov-jdk15on\1.47\bcprov-jdk15on-1.47.jar;D:\install\apache-maven-3.5.4\repo\org\springframework\cloud\spring-cloud-commons\1.1.1.RELEASE\spring-cloud-commons-1.1.1.RELEASE.jar;D:\install\apache-maven-3.5.4\repo\org\springframework\security\spring-security-crypto\5.0.5.RELEASE\spring-security-crypto-5.0.5.RELEASE.jar;D:\install\apache-maven-3.5.4\repo\com\netflix\feign\feign-core\8.16.2\feign-core-8.16.2.jar;D:\install\apache-maven-3.5.4\repo\org\jvnet\animal-sniffer-annotation\1.0\animal-sniffer-annotation-1.0.jar;D:\install\apache-maven-3.5.4\repo\com\netflix\feign\feign-slf4j\8.16.2\feign-slf4j-8.16.2.jar;D:\install\apache-maven-3.5.4\repo\com\netflix\feign\feign-hystrix\8.16.2\feign-hystrix-8.16.2.jar;D:\install\apache-maven-3.5.4\repo\com\netflix\hystrix\hystrix-core\1.5.3\hystrix-core-1.5.3.jar;D:\install\apache-maven-3.5.4\repo\org\springframework\cloud\spring-cloud-starter-archaius\1.1.5.RELEASE\spring-cloud-starter-archaius-1.1.5.RELEASE.jar;D:\install\apache-maven-3.5.4\repo\com\netflix\archaius\archaius-core\0.7.4\archaius-core-0.7.4.jar;D:\install\apache-maven-3.5.4\repo\com\google\code\findbugs\jsr305\3.0.1\jsr305-3.0.1.jar;D:\install\apache-maven-3.5.4\repo\commons-configuration\commons-configuration\1.8\commons-configuration-1.8.jar;D:\install\apache-maven-3.5.4\repo\commons-logging\commons-logging\1.1.1\commons-logging-1.1.1.jar;D:\install\apache-maven-3.5.4\repo\com\fasterxml\jackson\core\jackson-annotations\2.9.0\jackson-annotations-2.9.0.jar;D:\install\apache-maven-3.5.4\repo\com\fasterxml\jackson\core\jackson-core\2.9.5\jackson-core-2.9.5.jar;D:\install\apache-maven-3.5.4\repo\com\google\guava\guava\18.0\guava-18.0.jar;, user.name=chentaikuang, java.vm.specification.version=1.8, sun.java.command=C:\Users\CHENTA~1\AppData\Local\Temp\surefire9105424707794164565\surefirebooter3786374194449593413.jar C:\Users\chentaikuang\AppData\Local\Temp\surefire9105424707794164565 2018-11-01T18-33-23_211-jvmRun1 surefire908142792619887335tmp surefire_03745164626602476387tmp, java.home=D:\install\jdk1.8.0_181\jre, sun.arch.data.model=64, user.language=zh, java.specification.vendor=Oracle Corporation, awt.toolkit=sun.awt.windows.WToolkit, java.vm.info=mixed mode, java.version=1.8.0_181, java.ext.dirs=D:\install\jdk1.8.0_181\jre\lib\ext;C:\Windows\Sun\Java\lib\ext, sun.boot.class.path=D:\install\jdk1.8.0_181\jre\lib\resources.jar;D:\install\jdk1.8.0_181\jre\lib\rt.jar;D:\install\jdk1.8.0_181\jre\lib\sunrsasign.jar;D:\install\jdk1.8.0_181\jre\lib\jsse.jar;D:\install\jdk1.8.0_181\jre\lib\jce.jar;D:\install\jdk1.8.0_181\jre\lib\charsets.jar;D:\install\jdk1.8.0_181\jre\lib\jfr.jar;D:\install\jdk1.8.0_181\jre\classes, java.vendor=Oracle Corporation, localRepository=D:\install\apache-maven-3.5.4\repo, file.separator=\, java.vendor.url.bug=http://bugreport.sun.com/bugreport/, sun.io.unicode.encoding=UnicodeLittle, sun.cpu.endian=little, sun.desktop=windows, sun.cpu.isalist=amd64}}, SystemEnvironmentPropertySource@339099861 {name='systemEnvironment', properties={PATH=C:\Program Files (x86)\Common Files\Oracle\Java\javapath;C:\Windows\system32;C:\Windows;C:\Windows\System32\Wbem;C:\Windows\System32\WindowsPowerShell\v1.0\;C:\Program Files\MySQL\MySQL Utilities 1.6\;C:\Windows\system32;C:\Windows;C:\Windows\System32\Wbem;C:\Windows\System32\WindowsPowerShell\v1.0\;D:\install\Git\cmd;D:\install\jdk1.8.0_181\bin;D:\install\jdk1.8.0_181\jre\bin;D:\install\gradle-4.10.2\bin;D:\install\apache-maven-3.5.4\bin;, PROCESSOR_LEVEL=6, SYSTEMDRIVE=C:, FP_NO_HOST_CHECK=NO, SESSIONNAME=Console, ALLUSERSPROFILE=C:\ProgramData, PROCESSOR_ARCHITECTURE=AMD64, MAVEN_HOME=D:\install\apache-maven-3.5.4\bin\.., PROGRAMFILES=C:\Program Files, PSMODULEPATH=C:\Windows\system32\WindowsPowerShell\v1.0\Modules\, PROGRAMDATA=C:\ProgramData, USERNAME=chentaikuang, WDIR=D:\, PATHEXT=.COM;.EXE;.BAT;.CMD;.VBS;.VBE;.JS;.JSE;.WSF;.WSH;.MSC, CLASSWORLDS_JAR="D:\install\apache-maven-3.5.4\bin\..\boot\plexus-classworlds-2.5.2.jar", WINDIR=C:\Windows, HOMEPATH=\Users\chentaikuang, PROCESSOR_IDENTIFIER=Intel64 Family 6 Model 158 Stepping 9, GenuineIntel, WINDOWS_TRACING_LOGFILE=C:\BVTBin\Tests\installpackage\csilogfile.log, PUBLIC=C:\Users\Public, =::=::\, =EXITCODE=00000001, LOCALAPPDATA=C:\Users\chentaikuang\AppData\Local, COMMONPROGRAMFILES(X86)=C:\Program Files (x86)\Common Files, USERDOMAIN=HT1HTP2, LOGONSERVER=\\HT1HTP2, JAVA_HOME=D:\install\jdk1.8.0_181, PROMPT=$P$G, PROGRAMFILES(X86)=C:\Program Files (x86), ERROR_CODE=0, EXEC_DIR=D:\work\git\consul-service-client-demo, GRADLE_HOME=D:\install\gradle-4.10.2, WINDOWS_TRACING_FLAGS=3, APPDATA=C:\Users\chentaikuang\AppData\Roaming, GRADLE_USER_HOME=D:\install\gradle-4.10.2\.gradle, PROGRAMW6432=C:\Program Files, SYSTEMROOT=C:\Windows, MAVEN_CMD_LINE_ARGS=clean install, OS=Windows_NT, COMMONPROGRAMW6432=C:\Program Files\Common Files, COMPUTERNAME=HT1HTP2, COMMONPROGRAMFILES=C:\Program Files\Common Files, COMSPEC=C:\Windows\system32\cmd.exe, JAVACMD=D:\install\jdk1.8.0_181\bin\java.exe, MAVEN_PROJECTBASEDIR=D:\work\git\consul-service-client-demo, PROCESSOR_REVISION=9e09, CLASSPATH=.;D:\install\jdk1.8.0_181\lib;D:\install\jdk1.8.0_181\lib\tools.jar, CLASSWORLDS_LAUNCHER=org.codehaus.plexus.classworlds.launcher.Launcher, =D:=D:\work\git\consul-service-client-demo, TEMP=C:\Users\CHENTA~1\AppData\Local\Temp, HOMEDRIVE=C:, USERPROFILE=C:\Users\chentaikuang, TMP=C:\Users\CHENTA~1\AppData\Local\Temp, NUMBER_OF_PROCESSORS=4, JVMCONFIG=\.mvn\jvm.config}}]
18:33:24.003 [main] DEBUG org.springframework.core.io.support.PathMatchingResourcePatternResolver - Resolved classpath location [com/xiaochen/ec/] to resources [URL [file:/D:/work/git/consul-service-client-demo/target/test-classes/com/xiaochen/ec/], URL [file:/D:/work/git/consul-service-client-demo/target/classes/com/xiaochen/ec/]]
18:33:24.003 [main] DEBUG org.springframework.core.io.support.PathMatchingResourcePatternResolver - Looking for matching resources in directory tree [D:\work\git\consul-service-client-demo\target\test-classes\com\xiaochen\ec]
18:33:24.003 [main] DEBUG org.springframework.core.io.support.PathMatchingResourcePatternResolver - Searching directory [D:\work\git\consul-service-client-demo\target\test-classes\com\xiaochen\ec] for files matching pattern [D:/work/git/consul-service-client-demo/target/test-classes/com/xiaochen/ec/*.class]
18:33:24.006 [main] DEBUG org.springframework.core.io.support.PathMatchingResourcePatternResolver - Looking for matching resources in directory tree [D:\work\git\consul-service-client-demo\target\classes\com\xiaochen\ec]
18:33:24.006 [main] DEBUG org.springframework.core.io.support.PathMatchingResourcePatternResolver - Searching directory [D:\work\git\consul-service-client-demo\target\classes\com\xiaochen\ec] for files matching pattern [D:/work/git/consul-service-client-demo/target/classes/com/xiaochen/ec/*.class]
18:33:24.006 [main] DEBUG org.springframework.core.io.support.PathMatchingResourcePatternResolver - Resolved location pattern [classpath*:com/xiaochen/ec/*.class] to resources [file [D:\work\git\consul-service-client-demo\target\test-classes\com\xiaochen\ec\EcApplicationTests.class], file [D:\work\git\consul-service-client-demo\target\classes\com\xiaochen\ec\EcApplication.class]]
18:33:24.060 [main] DEBUG org.springframework.context.annotation.ClassPathScanningCandidateComponentProvider - Identified candidate component class: file [D:\work\git\consul-service-client-demo\target\classes\com\xiaochen\ec\EcApplication.class]
18:33:24.061 [main] INFO org.springframework.boot.test.context.SpringBootTestContextBootstrapper - Found @SpringBootConfiguration com.xiaochen.ec.EcApplication for test class com.xiaochen.ec.EcApplicationTests
18:33:24.189 [main] DEBUG org.springframework.boot.test.context.SpringBootTestContextBootstrapper - @TestExecutionListeners is not present for class [com.xiaochen.ec.EcApplicationTests]: using defaults.
18:33:24.190 [main] INFO org.springframework.boot.test.context.SpringBootTestContextBootstrapper - Loaded default TestExecutionListener class names from location [META-INF/spring.factories]: [org.springframework.boot.test.mock.mockito.MockitoTestExecutionListener, org.springframework.boot.test.mock.mockito.ResetMocksTestExecutionListener, org.springframework.boot.test.autoconfigure.restdocs.RestDocsTestExecutionListener, org.springframework.boot.test.autoconfigure.web.client.MockRestServiceServerResetTestExecutionListener, org.springframework.boot.test.autoconfigure.web.servlet.MockMvcPrintOnlyOnFailureTestExecutionListener, org.springframework.boot.test.autoconfigure.web.servlet.WebDriverTestExecutionListener, org.springframework.test.context.web.ServletTestExecutionListener, org.springframework.test.context.support.DirtiesContextBeforeModesTestExecutionListener, org.springframework.test.context.support.DependencyInjectionTestExecutionListener, org.springframework.test.context.support.DirtiesContextTestExecutionListener, org.springframework.test.context.transaction.TransactionalTestExecutionListener, org.springframework.test.context.jdbc.SqlScriptsTestExecutionListener]
18:33:24.286 [main] DEBUG org.springframework.boot.test.context.SpringBootTestContextBootstrapper - Skipping candidate TestExecutionListener [org.springframework.test.context.transaction.TransactionalTestExecutionListener] due to a missing dependency. Specify custom listener classes or make the default listener classes and their required dependencies available. Offending class: [org/springframework/transaction/interceptor/TransactionAttributeSource]
18:33:24.287 [main] DEBUG org.springframework.boot.test.context.SpringBootTestContextBootstrapper - Skipping candidate TestExecutionListener [org.springframework.test.context.jdbc.SqlScriptsTestExecutionListener] due to a missing dependency. Specify custom listener classes or make the default listener classes and their required dependencies available. Offending class: [org/springframework/transaction/interceptor/TransactionAttribute]
18:33:24.287 [main] INFO org.springframework.boot.test.context.SpringBootTestContextBootstrapper - Using TestExecutionListeners: [org.springframework.test.context.web.ServletTestExecutionListener@25be7b63, org.springframework.test.context.support.DirtiesContextBeforeModesTestExecutionListener@28dcca0c, org.springframework.boot.test.mock.mockito.MockitoTestExecutionListener@45d84a20, org.springframework.boot.test.autoconfigure.SpringBootDependencyInjectionTestExecutionListener@52f27fbd, org.springframework.test.context.support.DirtiesContextTestExecutionListener@4c163e3, org.springframework.boot.test.mock.mockito.ResetMocksTestExecutionListener@4a8355dd, org.springframework.boot.test.autoconfigure.restdocs.RestDocsTestExecutionListener@4d0d9fe7, org.springframework.boot.test.autoconfigure.web.client.MockRestServiceServerResetTestExecutionListener@c430e6c, org.springframework.boot.test.autoconfigure.web.servlet.MockMvcPrintOnlyOnFailureTestExecutionListener@312aa7c, org.springframework.boot.test.autoconfigure.web.servlet.WebDriverTestExecutionListener@536f2a7e]
18:33:24.289 [main] DEBUG org.springframework.test.annotation.ProfileValueUtils - Retrieved @ProfileValueSourceConfiguration [null] for test class [com.xiaochen.ec.EcApplicationTests]
18:33:24.289 [main] DEBUG org.springframework.test.annotation.ProfileValueUtils - Retrieved ProfileValueSource type [class org.springframework.test.annotation.SystemProfileValueSource] for class [com.xiaochen.ec.EcApplicationTests]
18:33:24.290 [main] DEBUG org.springframework.test.annotation.ProfileValueUtils - Retrieved @ProfileValueSourceConfiguration [null] for test class [com.xiaochen.ec.EcApplicationTests]
18:33:24.290 [main] DEBUG org.springframework.test.annotation.ProfileValueUtils - Retrieved ProfileValueSource type [class org.springframework.test.annotation.SystemProfileValueSource] for class [com.xiaochen.ec.EcApplicationTests]
18:33:24.291 [main] DEBUG org.springframework.test.annotation.ProfileValueUtils - Retrieved @ProfileValueSourceConfiguration [null] for test class [com.xiaochen.ec.EcApplicationTests]
18:33:24.291 [main] DEBUG org.springframework.test.annotation.ProfileValueUtils - Retrieved ProfileValueSource type [class org.springframework.test.annotation.SystemProfileValueSource] for class [com.xiaochen.ec.EcApplicationTests]
18:33:24.295 [main] DEBUG org.springframework.test.context.support.AbstractDirtiesContextTestExecutionListener - Before test class: context [DefaultTestContext@5f8e8a9d testClass = EcApplicationTests, testInstance = [null], testMethod = [null], testException = [null], mergedContextConfiguration = [WebMergedContextConfiguration@5745ca0e testClass = EcApplicationTests, locations = '{}', classes = '{class com.xiaochen.ec.EcApplication}', contextInitializerClasses = '[]', activeProfiles = '{}', propertySourceLocations = '{}', propertySourceProperties = '{org.springframework.boot.test.context.SpringBootTestContextBootstrapper=true}', contextCustomizers = set[[ImportsContextCustomizer@3ad83a66 key = [@org.springframework.cloud.client.discovery.EnableDiscoveryClient(), @org.springframework.boot.test.context.SpringBootTest(webEnvironment=MOCK, value=[], properties=[], classes=[]), @org.springframework.context.annotation.ComponentScan(scopeResolver=class org.springframework.context.annotation.AnnotationScopeMetadataResolver, lazyInit=false, resourcePattern=**/*.class, excludeFilters=[], useDefaultFilters=true, scopedProxy=DEFAULT, basePackageClasses=[], nameGenerator=interface org.springframework.beans.factory.support.BeanNameGenerator, basePackages=[com.nome.ec.*], value=[], includeFilters=[]), @org.junit.runner.RunWith(value=class org.springframework.test.context.junit4.SpringRunner), @org.springframework.context.annotation.Import(value=[class org.springframework.cloud.client.discovery.EnableDiscoveryClientImportSelector]), @org.springframework.test.context.BootstrapWith(value=class org.springframework.boot.test.context.SpringBootTestContextBootstrapper)]], org.springframework.boot.test.context.filter.ExcludeFilterContextCustomizer@35fc6dc4, org.springframework.boot.test.json.DuplicateJsonObjectContextCustomizerFactory$DuplicateJsonObjectContextCustomizer@731f8236, org.springframework.boot.test.mock.mockito.MockitoContextCustomizer@0, org.springframework.boot.test.web.client.TestRestTemplateContextCustomizer@7f9fcf7f, org.springframework.boot.test.web.reactive.server.WebTestClientContextCustomizer@1e67a849, org.springframework.boot.test.autoconfigure.properties.PropertyMappingContextCustomizer@0, org.springframework.boot.test.autoconfigure.web.servlet.WebDriverContextCustomizerFactory$Customizer@55a1c291], resourceBasePath = 'src/main/webapp', contextLoader = 'org.springframework.boot.test.context.SpringBootContextLoader', parent = [null]], attributes = map['org.springframework.test.context.web.ServletTestExecutionListener.activateListener' -> true]], class annotated with @DirtiesContext [false] with mode [null].
18:33:24.296 [main] DEBUG org.springframework.test.annotation.ProfileValueUtils - Retrieved @ProfileValueSourceConfiguration [null] for test class [com.xiaochen.ec.EcApplicationTests]
18:33:24.296 [main] DEBUG org.springframework.test.annotation.ProfileValueUtils - Retrieved ProfileValueSource type [class org.springframework.test.annotation.SystemProfileValueSource] for class [com.xiaochen.ec.EcApplicationTests]
18:33:24.314 [main] DEBUG org.springframework.core.env.StandardEnvironment - Adding PropertySource 'systemProperties' with lowest search precedence
18:33:24.314 [main] DEBUG org.springframework.core.env.StandardEnvironment - Adding PropertySource 'systemEnvironment' with lowest search precedence
18:33:24.314 [main] DEBUG org.springframework.core.env.StandardEnvironment - Initialized StandardEnvironment with PropertySources [MapPropertySource@1825719826 {name='systemProperties', properties={java.runtime.name=Java(TM) SE Runtime Environment, sun.boot.library.path=D:\install\jdk1.8.0_181\jre\bin, java.vm.version=25.181-b13, java.vm.vendor=Oracle Corporation, java.vendor.url=http://java.oracle.com/, path.separator=;, java.vm.name=Java HotSpot(TM) 64-Bit Server VM, file.encoding.pkg=sun.io, user.country=CN, user.script=, sun.java.launcher=SUN_STANDARD, sun.os.patch.level=Service Pack 1, java.vm.specification.name=Java Virtual Machine Specification, user.dir=D:\work\git\consul-service-client-demo, java.runtime.version=1.8.0_181-b13, basedir=D:\work\git\consul-service-client-demo, java.awt.graphicsenv=sun.awt.Win32GraphicsEnvironment, java.endorsed.dirs=D:\install\jdk1.8.0_181\jre\lib\endorsed, os.arch=amd64, surefire.real.class.path=C:\Users\CHENTA~1\AppData\Local\Temp\surefire9105424707794164565\surefirebooter3786374194449593413.jar, java.io.tmpdir=C:\Users\CHENTA~1\AppData\Local\Temp\, line.separator=
, java.vm.specification.vendor=Oracle Corporation, user.variant=, os.name=Windows 7, sun.jnu.encoding=GBK, java.library.path=D:\install\jdk1.8.0_181\jre\bin;C:\Windows\Sun\Java\bin;C:\Windows\system32;C:\Windows;C:\Program Files (x86)\Common Files\Oracle\Java\javapath;C:\Windows\system32;C:\Windows;C:\Windows\System32\Wbem;C:\Windows\System32\WindowsPowerShell\v1.0\;C:\Program Files\MySQL\MySQL Utilities 1.6\;C:\Windows\system32;C:\Windows;C:\Windows\System32\Wbem;C:\Windows\System32\WindowsPowerShell\v1.0\;D:\install\Git\cmd;D:\install\jdk1.8.0_181\bin;D:\install\jdk1.8.0_181\jre\bin;D:\install\gradle-4.10.2\bin;D:\install\apache-maven-3.5.4\bin;;., surefire.test.class.path=D:\work\git\consul-service-client-demo\target\test-classes;D:\work\git\consul-service-client-demo\target\classes;D:\install\apache-maven-3.5.4\repo\org\springframework\boot\spring-boot-starter-actuator\2.0.2.RELEASE\spring-boot-starter-actuator-2.0.2.RELEASE.jar;D:\install\apache-maven-3.5.4\repo\org\springframework\boot\spring-boot-starter\2.0.2.RELEASE\spring-boot-starter-2.0.2.RELEASE.jar;D:\install\apache-maven-3.5.4\repo\org\springframework\boot\spring-boot\2.0.2.RELEASE\spring-boot-2.0.2.RELEASE.jar;D:\install\apache-maven-3.5.4\repo\org\springframework\boot\spring-boot-autoconfigure\2.0.2.RELEASE\spring-boot-autoconfigure-2.0.2.RELEASE.jar;D:\install\apache-maven-3.5.4\repo\org\springframework\boot\spring-boot-starter-logging\2.0.2.RELEASE\spring-boot-starter-logging-2.0.2.RELEASE.jar;D:\install\apache-maven-3.5.4\repo\ch\qos\logback\logback-classic\1.2.3\logback-classic-1.2.3.jar;D:\install\apache-maven-3.5.4\repo\ch\qos\logback\logback-core\1.2.3\logback-core-1.2.3.jar;D:\install\apache-maven-3.5.4\repo\org\apache\logging\log4j\log4j-to-slf4j\2.10.0\log4j-to-slf4j-2.10.0.jar;D:\install\apache-maven-3.5.4\repo\org\apache\logging\log4j\log4j-api\2.10.0\log4j-api-2.10.0.jar;D:\install\apache-maven-3.5.4\repo\org\slf4j\jul-to-slf4j\1.7.25\jul-to-slf4j-1.7.25.jar;D:\install\apache-maven-3.5.4\repo\javax\annotation\javax.annotation-api\1.3.2\javax.annotation-api-1.3.2.jar;D:\install\apache-maven-3.5.4\repo\org\yaml\snakeyaml\1.19\snakeyaml-1.19.jar;D:\install\apache-maven-3.5.4\repo\org\springframework\boot\spring-boot-actuator-autoconfigure\2.0.2.RELEASE\spring-boot-actuator-autoconfigure-2.0.2.RELEASE.jar;D:\install\apache-maven-3.5.4\repo\org\springframework\boot\spring-boot-actuator\2.0.2.RELEASE\spring-boot-actuator-2.0.2.RELEASE.jar;D:\install\apache-maven-3.5.4\repo\com\fasterxml\jackson\core\jackson-databind\2.9.5\jackson-databind-2.9.5.jar;D:\install\apache-maven-3.5.4\repo\org\springframework\spring-context\5.0.6.RELEASE\spring-context-5.0.6.RELEASE.jar;D:\install\apache-maven-3.5.4\repo\org\springframework\spring-aop\5.0.6.RELEASE\spring-aop-5.0.6.RELEASE.jar;D:\install\apache-maven-3.5.4\repo\org\springframework\spring-expression\5.0.6.RELEASE\spring-expression-5.0.6.RELEASE.jar;D:\install\apache-maven-3.5.4\repo\com\fasterxml\jackson\datatype\jackson-datatype-jsr310\2.9.5\jackson-datatype-jsr310-2.9.5.jar;D:\install\apache-maven-3.5.4\repo\io\micrometer\micrometer-core\1.0.4\micrometer-core-1.0.4.jar;D:\install\apache-maven-3.5.4\repo\org\hdrhistogram\HdrHistogram\2.1.10\HdrHistogram-2.1.10.jar;D:\install\apache-maven-3.5.4\repo\org\latencyutils\LatencyUtils\2.0.3\LatencyUtils-2.0.3.jar;D:\install\apache-maven-3.5.4\repo\org\springframework\boot\spring-boot-starter-webflux\2.0.2.RELEASE\spring-boot-starter-webflux-2.0.2.RELEASE.jar;D:\install\apache-maven-3.5.4\repo\org\springframework\boot\spring-boot-starter-json\2.0.2.RELEASE\spring-boot-starter-json-2.0.2.RELEASE.jar;D:\install\apache-maven-3.5.4\repo\com\fasterxml\jackson\datatype\jackson-datatype-jdk8\2.9.5\jackson-datatype-jdk8-2.9.5.jar;D:\install\apache-maven-3.5.4\repo\com\fasterxml\jackson\module\jackson-module-parameter-names\2.9.5\jackson-module-parameter-names-2.9.5.jar;D:\install\apache-maven-3.5.4\repo\org\springframework\boot\spring-boot-starter-reactor-netty\2.0.2.RELEASE\spring-boot-starter-reactor-netty-2.0.2.RELEASE.jar;D:\install\apache-maven-3.5.4\repo\io\projectreactor\ipc\reactor-netty\0.7.7.RELEASE\reactor-netty-0.7.7.RELEASE.jar;D:\install\apache-maven-3.5.4\repo\io\netty\netty-codec-http\4.1.24.Final\netty-codec-http-4.1.24.Final.jar;D:\install\apache-maven-3.5.4\repo\io\netty\netty-codec\4.1.24.Final\netty-codec-4.1.24.Final.jar;D:\install\apache-maven-3.5.4\repo\io\netty\netty-handler\4.1.24.Final\netty-handler-4.1.24.Final.jar;D:\install\apache-maven-3.5.4\repo\io\netty\netty-buffer\4.1.24.Final\netty-buffer-4.1.24.Final.jar;D:\install\apache-maven-3.5.4\repo\io\netty\netty-transport\4.1.24.Final\netty-transport-4.1.24.Final.jar;D:\install\apache-maven-3.5.4\repo\io\netty\netty-resolver\4.1.24.Final\netty-resolver-4.1.24.Final.jar;D:\install\apache-maven-3.5.4\repo\io\netty\netty-handler-proxy\4.1.24.Final\netty-handler-proxy-4.1.24.Final.jar;D:\install\apache-maven-3.5.4\repo\io\netty\netty-codec-socks\4.1.24.Final\netty-codec-socks-4.1.24.Final.jar;D:\install\apache-maven-3.5.4\repo\io\netty\netty-transport-native-epoll\4.1.24.Final\netty-transport-native-epoll-4.1.24.Final-linux-x86_64.jar;D:\install\apache-maven-3.5.4\repo\io\netty\netty-common\4.1.24.Final\netty-common-4.1.24.Final.jar;D:\install\apache-maven-3.5.4\repo\io\netty\netty-transport-native-unix-common\4.1.24.Final\netty-transport-native-unix-common-4.1.24.Final.jar;D:\install\apache-maven-3.5.4\repo\org\hibernate\validator\hibernate-validator\6.0.9.Final\hibernate-validator-6.0.9.Final.jar;D:\install\apache-maven-3.5.4\repo\javax\validation\validation-api\2.0.1.Final\validation-api-2.0.1.Final.jar;D:\install\apache-maven-3.5.4\repo\org\jboss\logging\jboss-logging\3.3.2.Final\jboss-logging-3.3.2.Final.jar;D:\install\apache-maven-3.5.4\repo\com\fasterxml\classmate\1.3.4\classmate-1.3.4.jar;D:\install\apache-maven-3.5.4\repo\org\springframework\spring-web\5.0.6.RELEASE\spring-web-5.0.6.RELEASE.jar;D:\install\apache-maven-3.5.4\repo\org\springframework\spring-beans\5.0.6.RELEASE\spring-beans-5.0.6.RELEASE.jar;D:\install\apache-maven-3.5.4\repo\org\springframework\spring-webflux\5.0.6.RELEASE\spring-webflux-5.0.6.RELEASE.jar;D:\install\apache-maven-3.5.4\repo\org\synchronoss\cloud\nio-multipart-parser\1.1.0\nio-multipart-parser-1.1.0.jar;D:\install\apache-maven-3.5.4\repo\org\slf4j\slf4j-api\1.7.25\slf4j-api-1.7.25.jar;D:\install\apache-maven-3.5.4\repo\org\synchronoss\cloud\nio-stream-storage\1.1.3\nio-stream-storage-1.1.3.jar;D:\install\apache-maven-3.5.4\repo\org\springframework\cloud\spring-cloud-starter-consul-discovery\1.0.2.RELEASE\spring-cloud-starter-consul-discovery-1.0.2.RELEASE.jar;D:\install\apache-maven-3.5.4\repo\org\springframework\cloud\spring-cloud-starter-consul\1.0.2.RELEASE\spring-cloud-starter-consul-1.0.2.RELEASE.jar;D:\install\apache-maven-3.5.4\repo\org\springframework\cloud\spring-cloud-context\1.1.1.RELEASE\spring-cloud-context-1.1.1.RELEASE.jar;D:\install\apache-maven-3.5.4\repo\org\springframework\cloud\spring-cloud-consul-core\1.0.2.RELEASE\spring-cloud-consul-core-1.0.2.RELEASE.jar;D:\install\apache-maven-3.5.4\repo\com\ecwid\consul\consul-api\1.1.10\consul-api-1.1.10.jar;D:\install\apache-maven-3.5.4\repo\com\google\code\gson\gson\2.8.4\gson-2.8.4.jar;D:\install\apache-maven-3.5.4\repo\org\apache\httpcomponents\httpclient\4.5.5\httpclient-4.5.5.jar;D:\install\apache-maven-3.5.4\repo\commons-codec\commons-codec\1.11\commons-codec-1.11.jar;D:\install\apache-maven-3.5.4\repo\org\apache\httpcomponents\httpcore\4.4.9\httpcore-4.4.9.jar;D:\install\apache-maven-3.5.4\repo\org\springframework\cloud\spring-cloud-consul-discovery\1.0.2.RELEASE\spring-cloud-consul-discovery-1.0.2.RELEASE.jar;D:\install\apache-maven-3.5.4\repo\org\springframework\cloud\spring-cloud-netflix-core\1.1.5.RELEASE\spring-cloud-netflix-core-1.1.5.RELEASE.jar;D:\install\apache-maven-3.5.4\repo\org\springframework\cloud\spring-cloud-starter-ribbon\1.1.5.RELEASE\spring-cloud-starter-ribbon-1.1.5.RELEASE.jar;D:\install\apache-maven-3.5.4\repo\com\netflix\ribbon\ribbon\2.2.0\ribbon-2.2.0.jar;D:\install\apache-maven-3.5.4\repo\com\netflix\ribbon\ribbon-transport\2.2.0\ribbon-transport-2.2.0.jar;D:\install\apache-maven-3.5.4\repo\io\reactivex\rxnetty-contexts\0.4.9\rxnetty-contexts-0.4.9.jar;D:\install\apache-maven-3.5.4\repo\io\reactivex\rxnetty-servo\0.4.9\rxnetty-servo-0.4.9.jar;D:\install\apache-maven-3.5.4\repo\javax\inject\javax.inject\1\javax.inject-1.jar;D:\install\apache-maven-3.5.4\repo\io\reactivex\rxnetty\0.4.9\rxnetty-0.4.9.jar;D:\install\apache-maven-3.5.4\repo\io\netty\netty-transport-native-epoll\4.1.24.Final\netty-transport-native-epoll-4.1.24.Final.jar;D:\install\apache-maven-3.5.4\repo\com\netflix\ribbon\ribbon-core\2.2.0\ribbon-core-2.2.0.jar;D:\install\apache-maven-3.5.4\repo\commons-lang\commons-lang\2.6\commons-lang-2.6.jar;D:\install\apache-maven-3.5.4\repo\com\netflix\ribbon\ribbon-httpclient\2.2.0\ribbon-httpclient-2.2.0.jar;D:\install\apache-maven-3.5.4\repo\commons-collections\commons-collections\3.2.1\commons-collections-3.2.1.jar;D:\install\apache-maven-3.5.4\repo\com\sun\jersey\jersey-client\1.19.1\jersey-client-1.19.1.jar;D:\install\apache-maven-3.5.4\repo\com\sun\jersey\jersey-core\1.19.1\jersey-core-1.19.1.jar;D:\install\apache-maven-3.5.4\repo\javax\ws\rs\jsr311-api\1.1.1\jsr311-api-1.1.1.jar;D:\install\apache-maven-3.5.4\repo\com\sun\jersey\contribs\jersey-apache-client4\1.19.1\jersey-apache-client4-1.19.1.jar;D:\install\apache-maven-3.5.4\repo\com\netflix\servo\servo-core\0.10.1\servo-core-0.10.1.jar;D:\install\apache-maven-3.5.4\repo\com\netflix\servo\servo-internal\0.10.1\servo-internal-0.10.1.jar;D:\install\apache-maven-3.5.4\repo\com\netflix\netflix-commons\netflix-commons-util\0.1.1\netflix-commons-util-0.1.1.jar;D:\install\apache-maven-3.5.4\repo\com\netflix\ribbon\ribbon-loadbalancer\2.2.0\ribbon-loadbalancer-2.2.0.jar;D:\install\apache-maven-3.5.4\repo\com\netflix\netflix-commons\netflix-statistics\0.1.1\netflix-statistics-0.1.1.jar;D:\install\apache-maven-3.5.4\repo\io\reactivex\rxjava\1.3.8\rxjava-1.3.8.jar;D:\install\apache-maven-3.5.4\repo\joda-time\joda-time\2.9.9\joda-time-2.9.9.jar;D:\install\apache-maven-3.5.4\repo\org\springframework\boot\spring-boot-starter-web\2.0.2.RELEASE\spring-boot-starter-web-2.0.2.RELEASE.jar;D:\install\apache-maven-3.5.4\repo\org\springframework\boot\spring-boot-starter-tomcat\2.0.2.RELEASE\spring-boot-starter-tomcat-2.0.2.RELEASE.jar;D:\install\apache-maven-3.5.4\repo\org\apache\tomcat\embed\tomcat-embed-core\8.5.31\tomcat-embed-core-8.5.31.jar;D:\install\apache-maven-3.5.4\repo\org\apache\tomcat\embed\tomcat-embed-el\8.5.31\tomcat-embed-el-8.5.31.jar;D:\install\apache-maven-3.5.4\repo\org\apache\tomcat\embed\tomcat-embed-websocket\8.5.31\tomcat-embed-websocket-8.5.31.jar;D:\install\apache-maven-3.5.4\repo\org\springframework\spring-webmvc\5.0.6.RELEASE\spring-webmvc-5.0.6.RELEASE.jar;D:\install\apache-maven-3.5.4\repo\org\springframework\boot\spring-boot-starter-test\2.0.2.RELEASE\spring-boot-starter-test-2.0.2.RELEASE.jar;D:\install\apache-maven-3.5.4\repo\org\springframework\boot\spring-boot-test\2.0.2.RELEASE\spring-boot-test-2.0.2.RELEASE.jar;D:\install\apache-maven-3.5.4\repo\org\springframework\boot\spring-boot-test-autoconfigure\2.0.2.RELEASE\spring-boot-test-autoconfigure-2.0.2.RELEASE.jar;D:\install\apache-maven-3.5.4\repo\com\jayway\jsonpath\json-path\2.4.0\json-path-2.4.0.jar;D:\install\apache-maven-3.5.4\repo\net\minidev\json-smart\2.3\json-smart-2.3.jar;D:\install\apache-maven-3.5.4\repo\net\minidev\accessors-smart\1.2\accessors-smart-1.2.jar;D:\install\apache-maven-3.5.4\repo\org\ow2\asm\asm\5.0.4\asm-5.0.4.jar;D:\install\apache-maven-3.5.4\repo\junit\junit\4.12\junit-4.12.jar;D:\install\apache-maven-3.5.4\repo\org\assertj\assertj-core\3.9.1\assertj-core-3.9.1.jar;D:\install\apache-maven-3.5.4\repo\org\mockito\mockito-core\2.15.0\mockito-core-2.15.0.jar;D:\install\apache-maven-3.5.4\repo\net\bytebuddy\byte-buddy\1.7.11\byte-buddy-1.7.11.jar;D:\install\apache-maven-3.5.4\repo\net\bytebuddy\byte-buddy-agent\1.7.11\byte-buddy-agent-1.7.11.jar;D:\install\apache-maven-3.5.4\repo\org\objenesis\objenesis\2.1\objenesis-2.1.jar;D:\install\apache-maven-3.5.4\repo\org\hamcrest\hamcrest-core\1.3\hamcrest-core-1.3.jar;D:\install\apache-maven-3.5.4\repo\org\hamcrest\hamcrest-library\1.3\hamcrest-library-1.3.jar;D:\install\apache-maven-3.5.4\repo\org\skyscreamer\jsonassert\1.5.0\jsonassert-1.5.0.jar;D:\install\apache-maven-3.5.4\repo\com\vaadin\external\google\android-json\0.0.20131108.vaadin1\android-json-0.0.20131108.vaadin1.jar;D:\install\apache-maven-3.5.4\repo\org\springframework\spring-core\5.0.6.RELEASE\spring-core-5.0.6.RELEASE.jar;D:\install\apache-maven-3.5.4\repo\org\springframework\spring-jcl\5.0.6.RELEASE\spring-jcl-5.0.6.RELEASE.jar;D:\install\apache-maven-3.5.4\repo\org\springframework\spring-test\5.0.6.RELEASE\spring-test-5.0.6.RELEASE.jar;D:\install\apache-maven-3.5.4\repo\org\xmlunit\xmlunit-core\2.5.1\xmlunit-core-2.5.1.jar;D:\install\apache-maven-3.5.4\repo\io\projectreactor\reactor-test\3.1.7.RELEASE\reactor-test-3.1.7.RELEASE.jar;D:\install\apache-maven-3.5.4\repo\io\projectreactor\reactor-core\3.1.7.RELEASE\reactor-core-3.1.7.RELEASE.jar;D:\install\apache-maven-3.5.4\repo\org\reactivestreams\reactive-streams\1.0.2\reactive-streams-1.0.2.jar;D:\install\apache-maven-3.5.4\repo\org\springframework\cloud\spring-cloud-starter-feign\1.1.5.RELEASE\spring-cloud-starter-feign-1.1.5.RELEASE.jar;D:\install\apache-maven-3.5.4\repo\org\springframework\cloud\spring-cloud-starter\1.1.1.RELEASE\spring-cloud-starter-1.1.1.RELEASE.jar;D:\install\apache-maven-3.5.4\repo\org\springframework\security\spring-security-rsa\1.0.1.RELEASE\spring-security-rsa-1.0.1.RELEASE.jar;D:\install\apache-maven-3.5.4\repo\org\bouncycastle\bcpkix-jdk15on\1.47\bcpkix-jdk15on-1.47.jar;D:\install\apache-maven-3.5.4\repo\org\bouncycastle\bcprov-jdk15on\1.47\bcprov-jdk15on-1.47.jar;D:\install\apache-maven-3.5.4\repo\org\springframework\cloud\spring-cloud-commons\1.1.1.RELEASE\spring-cloud-commons-1.1.1.RELEASE.jar;D:\install\apache-maven-3.5.4\repo\org\springframework\security\spring-security-crypto\5.0.5.RELEASE\spring-security-crypto-5.0.5.RELEASE.jar;D:\install\apache-maven-3.5.4\repo\com\netflix\feign\feign-core\8.16.2\feign-core-8.16.2.jar;D:\install\apache-maven-3.5.4\repo\org\jvnet\animal-sniffer-annotation\1.0\animal-sniffer-annotation-1.0.jar;D:\install\apache-maven-3.5.4\repo\com\netflix\feign\feign-slf4j\8.16.2\feign-slf4j-8.16.2.jar;D:\install\apache-maven-3.5.4\repo\com\netflix\feign\feign-hystrix\8.16.2\feign-hystrix-8.16.2.jar;D:\install\apache-maven-3.5.4\repo\com\netflix\hystrix\hystrix-core\1.5.3\hystrix-core-1.5.3.jar;D:\install\apache-maven-3.5.4\repo\org\springframework\cloud\spring-cloud-starter-archaius\1.1.5.RELEASE\spring-cloud-starter-archaius-1.1.5.RELEASE.jar;D:\install\apache-maven-3.5.4\repo\com\netflix\archaius\archaius-core\0.7.4\archaius-core-0.7.4.jar;D:\install\apache-maven-3.5.4\repo\com\google\code\findbugs\jsr305\3.0.1\jsr305-3.0.1.jar;D:\install\apache-maven-3.5.4\repo\commons-configuration\commons-configuration\1.8\commons-configuration-1.8.jar;D:\install\apache-maven-3.5.4\repo\commons-logging\commons-logging\1.1.1\commons-logging-1.1.1.jar;D:\install\apache-maven-3.5.4\repo\com\fasterxml\jackson\core\jackson-annotations\2.9.0\jackson-annotations-2.9.0.jar;D:\install\apache-maven-3.5.4\repo\com\fasterxml\jackson\core\jackson-core\2.9.5\jackson-core-2.9.5.jar;D:\install\apache-maven-3.5.4\repo\com\google\guava\guava\18.0\guava-18.0.jar;, java.specification.name=Java Platform API Specification, java.class.version=52.0, sun.management.compiler=HotSpot 64-Bit Tiered Compilers, os.version=6.1, user.home=C:\Users\chentaikuang, user.timezone=Asia/Shanghai, java.awt.printerjob=sun.awt.windows.WPrinterJob, file.encoding=GBK, java.specification.version=1.8, java.class.path=D:\work\git\consul-service-client-demo\target\test-classes;D:\work\git\consul-service-client-demo\target\classes;D:\install\apache-maven-3.5.4\repo\org\springframework\boot\spring-boot-starter-actuator\2.0.2.RELEASE\spring-boot-starter-actuator-2.0.2.RELEASE.jar;D:\install\apache-maven-3.5.4\repo\org\springframework\boot\spring-boot-starter\2.0.2.RELEASE\spring-boot-starter-2.0.2.RELEASE.jar;D:\install\apache-maven-3.5.4\repo\org\springframework\boot\spring-boot\2.0.2.RELEASE\spring-boot-2.0.2.RELEASE.jar;D:\install\apache-maven-3.5.4\repo\org\springframework\boot\spring-boot-autoconfigure\2.0.2.RELEASE\spring-boot-autoconfigure-2.0.2.RELEASE.jar;D:\install\apache-maven-3.5.4\repo\org\springframework\boot\spring-boot-starter-logging\2.0.2.RELEASE\spring-boot-starter-logging-2.0.2.RELEASE.jar;D:\install\apache-maven-3.5.4\repo\ch\qos\logback\logback-classic\1.2.3\logback-classic-1.2.3.jar;D:\install\apache-maven-3.5.4\repo\ch\qos\logback\logback-core\1.2.3\logback-core-1.2.3.jar;D:\install\apache-maven-3.5.4\repo\org\apache\logging\log4j\log4j-to-slf4j\2.10.0\log4j-to-slf4j-2.10.0.jar;D:\install\apache-maven-3.5.4\repo\org\apache\logging\log4j\log4j-api\2.10.0\log4j-api-2.10.0.jar;D:\install\apache-maven-3.5.4\repo\org\slf4j\jul-to-slf4j\1.7.25\jul-to-slf4j-1.7.25.jar;D:\install\apache-maven-3.5.4\repo\javax\annotation\javax.annotation-api\1.3.2\javax.annotation-api-1.3.2.jar;D:\install\apache-maven-3.5.4\repo\org\yaml\snakeyaml\1.19\snakeyaml-1.19.jar;D:\install\apache-maven-3.5.4\repo\org\springframework\boot\spring-boot-actuator-autoconfigure\2.0.2.RELEASE\spring-boot-actuator-autoconfigure-2.0.2.RELEASE.jar;D:\install\apache-maven-3.5.4\repo\org\springframework\boot\spring-boot-actuator\2.0.2.RELEASE\spring-boot-actuator-2.0.2.RELEASE.jar;D:\install\apache-maven-3.5.4\repo\com\fasterxml\jackson\core\jackson-databind\2.9.5\jackson-databind-2.9.5.jar;D:\install\apache-maven-3.5.4\repo\org\springframework\spring-context\5.0.6.RELEASE\spring-context-5.0.6.RELEASE.jar;D:\install\apache-maven-3.5.4\repo\org\springframework\spring-aop\5.0.6.RELEASE\spring-aop-5.0.6.RELEASE.jar;D:\install\apache-maven-3.5.4\repo\org\springframework\spring-expression\5.0.6.RELEASE\spring-expression-5.0.6.RELEASE.jar;D:\install\apache-maven-3.5.4\repo\com\fasterxml\jackson\datatype\jackson-datatype-jsr310\2.9.5\jackson-datatype-jsr310-2.9.5.jar;D:\install\apache-maven-3.5.4\repo\io\micrometer\micrometer-core\1.0.4\micrometer-core-1.0.4.jar;D:\install\apache-maven-3.5.4\repo\org\hdrhistogram\HdrHistogram\2.1.10\HdrHistogram-2.1.10.jar;D:\install\apache-maven-3.5.4\repo\org\latencyutils\LatencyUtils\2.0.3\LatencyUtils-2.0.3.jar;D:\install\apache-maven-3.5.4\repo\org\springframework\boot\spring-boot-starter-webflux\2.0.2.RELEASE\spring-boot-starter-webflux-2.0.2.RELEASE.jar;D:\install\apache-maven-3.5.4\repo\org\springframework\boot\spring-boot-starter-json\2.0.2.RELEASE\spring-boot-starter-json-2.0.2.RELEASE.jar;D:\install\apache-maven-3.5.4\repo\com\fasterxml\jackson\datatype\jackson-datatype-jdk8\2.9.5\jackson-datatype-jdk8-2.9.5.jar;D:\install\apache-maven-3.5.4\repo\com\fasterxml\jackson\module\jackson-module-parameter-names\2.9.5\jackson-module-parameter-names-2.9.5.jar;D:\install\apache-maven-3.5.4\repo\org\springframework\boot\spring-boot-starter-reactor-netty\2.0.2.RELEASE\spring-boot-starter-reactor-netty-2.0.2.RELEASE.jar;D:\install\apache-maven-3.5.4\repo\io\projectreactor\ipc\reactor-netty\0.7.7.RELEASE\reactor-netty-0.7.7.RELEASE.jar;D:\install\apache-maven-3.5.4\repo\io\netty\netty-codec-http\4.1.24.Final\netty-codec-http-4.1.24.Final.jar;D:\install\apache-maven-3.5.4\repo\io\netty\netty-codec\4.1.24.Final\netty-codec-4.1.24.Final.jar;D:\install\apache-maven-3.5.4\repo\io\netty\netty-handler\4.1.24.Final\netty-handler-4.1.24.Final.jar;D:\install\apache-maven-3.5.4\repo\io\netty\netty-buffer\4.1.24.Final\netty-buffer-4.1.24.Final.jar;D:\install\apache-maven-3.5.4\repo\io\netty\netty-transport\4.1.24.Final\netty-transport-4.1.24.Final.jar;D:\install\apache-maven-3.5.4\repo\io\netty\netty-resolver\4.1.24.Final\netty-resolver-4.1.24.Final.jar;D:\install\apache-maven-3.5.4\repo\io\netty\netty-handler-proxy\4.1.24.Final\netty-handler-proxy-4.1.24.Final.jar;D:\install\apache-maven-3.5.4\repo\io\netty\netty-codec-socks\4.1.24.Final\netty-codec-socks-4.1.24.Final.jar;D:\install\apache-maven-3.5.4\repo\io\netty\netty-transport-native-epoll\4.1.24.Final\netty-transport-native-epoll-4.1.24.Final-linux-x86_64.jar;D:\install\apache-maven-3.5.4\repo\io\netty\netty-common\4.1.24.Final\netty-common-4.1.24.Final.jar;D:\install\apache-maven-3.5.4\repo\io\netty\netty-transport-native-unix-common\4.1.24.Final\netty-transport-native-unix-common-4.1.24.Final.jar;D:\install\apache-maven-3.5.4\repo\org\hibernate\validator\hibernate-validator\6.0.9.Final\hibernate-validator-6.0.9.Final.jar;D:\install\apache-maven-3.5.4\repo\javax\validation\validation-api\2.0.1.Final\validation-api-2.0.1.Final.jar;D:\install\apache-maven-3.5.4\repo\org\jboss\logging\jboss-logging\3.3.2.Final\jboss-logging-3.3.2.Final.jar;D:\install\apache-maven-3.5.4\repo\com\fasterxml\classmate\1.3.4\classmate-1.3.4.jar;D:\install\apache-maven-3.5.4\repo\org\springframework\spring-web\5.0.6.RELEASE\spring-web-5.0.6.RELEASE.jar;D:\install\apache-maven-3.5.4\repo\org\springframework\spring-beans\5.0.6.RELEASE\spring-beans-5.0.6.RELEASE.jar;D:\install\apache-maven-3.5.4\repo\org\springframework\spring-webflux\5.0.6.RELEASE\spring-webflux-5.0.6.RELEASE.jar;D:\install\apache-maven-3.5.4\repo\org\synchronoss\cloud\nio-multipart-parser\1.1.0\nio-multipart-parser-1.1.0.jar;D:\install\apache-maven-3.5.4\repo\org\slf4j\slf4j-api\1.7.25\slf4j-api-1.7.25.jar;D:\install\apache-maven-3.5.4\repo\org\synchronoss\cloud\nio-stream-storage\1.1.3\nio-stream-storage-1.1.3.jar;D:\install\apache-maven-3.5.4\repo\org\springframework\cloud\spring-cloud-starter-consul-discovery\1.0.2.RELEASE\spring-cloud-starter-consul-discovery-1.0.2.RELEASE.jar;D:\install\apache-maven-3.5.4\repo\org\springframework\cloud\spring-cloud-starter-consul\1.0.2.RELEASE\spring-cloud-starter-consul-1.0.2.RELEASE.jar;D:\install\apache-maven-3.5.4\repo\org\springframework\cloud\spring-cloud-context\1.1.1.RELEASE\spring-cloud-context-1.1.1.RELEASE.jar;D:\install\apache-maven-3.5.4\repo\org\springframework\cloud\spring-cloud-consul-core\1.0.2.RELEASE\spring-cloud-consul-core-1.0.2.RELEASE.jar;D:\install\apache-maven-3.5.4\repo\com\ecwid\consul\consul-api\1.1.10\consul-api-1.1.10.jar;D:\install\apache-maven-3.5.4\repo\com\google\code\gson\gson\2.8.4\gson-2.8.4.jar;D:\install\apache-maven-3.5.4\repo\org\apache\httpcomponents\httpclient\4.5.5\httpclient-4.5.5.jar;D:\install\apache-maven-3.5.4\repo\commons-codec\commons-codec\1.11\commons-codec-1.11.jar;D:\install\apache-maven-3.5.4\repo\org\apache\httpcomponents\httpcore\4.4.9\httpcore-4.4.9.jar;D:\install\apache-maven-3.5.4\repo\org\springframework\cloud\spring-cloud-consul-discovery\1.0.2.RELEASE\spring-cloud-consul-discovery-1.0.2.RELEASE.jar;D:\install\apache-maven-3.5.4\repo\org\springframework\cloud\spring-cloud-netflix-core\1.1.5.RELEASE\spring-cloud-netflix-core-1.1.5.RELEASE.jar;D:\install\apache-maven-3.5.4\repo\org\springframework\cloud\spring-cloud-starter-ribbon\1.1.5.RELEASE\spring-cloud-starter-ribbon-1.1.5.RELEASE.jar;D:\install\apache-maven-3.5.4\repo\com\netflix\ribbon\ribbon\2.2.0\ribbon-2.2.0.jar;D:\install\apache-maven-3.5.4\repo\com\netflix\ribbon\ribbon-transport\2.2.0\ribbon-transport-2.2.0.jar;D:\install\apache-maven-3.5.4\repo\io\reactivex\rxnetty-contexts\0.4.9\rxnetty-contexts-0.4.9.jar;D:\install\apache-maven-3.5.4\repo\io\reactivex\rxnetty-servo\0.4.9\rxnetty-servo-0.4.9.jar;D:\install\apache-maven-3.5.4\repo\javax\inject\javax.inject\1\javax.inject-1.jar;D:\install\apache-maven-3.5.4\repo\io\reactivex\rxnetty\0.4.9\rxnetty-0.4.9.jar;D:\install\apache-maven-3.5.4\repo\io\netty\netty-transport-native-epoll\4.1.24.Final\netty-transport-native-epoll-4.1.24.Final.jar;D:\install\apache-maven-3.5.4\repo\com\netflix\ribbon\ribbon-core\2.2.0\ribbon-core-2.2.0.jar;D:\install\apache-maven-3.5.4\repo\commons-lang\commons-lang\2.6\commons-lang-2.6.jar;D:\install\apache-maven-3.5.4\repo\com\netflix\ribbon\ribbon-httpclient\2.2.0\ribbon-httpclient-2.2.0.jar;D:\install\apache-maven-3.5.4\repo\commons-collections\commons-collections\3.2.1\commons-collections-3.2.1.jar;D:\install\apache-maven-3.5.4\repo\com\sun\jersey\jersey-client\1.19.1\jersey-client-1.19.1.jar;D:\install\apache-maven-3.5.4\repo\com\sun\jersey\jersey-core\1.19.1\jersey-core-1.19.1.jar;D:\install\apache-maven-3.5.4\repo\javax\ws\rs\jsr311-api\1.1.1\jsr311-api-1.1.1.jar;D:\install\apache-maven-3.5.4\repo\com\sun\jersey\contribs\jersey-apache-client4\1.19.1\jersey-apache-client4-1.19.1.jar;D:\install\apache-maven-3.5.4\repo\com\netflix\servo\servo-core\0.10.1\servo-core-0.10.1.jar;D:\install\apache-maven-3.5.4\repo\com\netflix\servo\servo-internal\0.10.1\servo-internal-0.10.1.jar;D:\install\apache-maven-3.5.4\repo\com\netflix\netflix-commons\netflix-commons-util\0.1.1\netflix-commons-util-0.1.1.jar;D:\install\apache-maven-3.5.4\repo\com\netflix\ribbon\ribbon-loadbalancer\2.2.0\ribbon-loadbalancer-2.2.0.jar;D:\install\apache-maven-3.5.4\repo\com\netflix\netflix-commons\netflix-statistics\0.1.1\netflix-statistics-0.1.1.jar;D:\install\apache-maven-3.5.4\repo\io\reactivex\rxjava\1.3.8\rxjava-1.3.8.jar;D:\install\apache-maven-3.5.4\repo\joda-time\joda-time\2.9.9\joda-time-2.9.9.jar;D:\install\apache-maven-3.5.4\repo\org\springframework\boot\spring-boot-starter-web\2.0.2.RELEASE\spring-boot-starter-web-2.0.2.RELEASE.jar;D:\install\apache-maven-3.5.4\repo\org\springframework\boot\spring-boot-starter-tomcat\2.0.2.RELEASE\spring-boot-starter-tomcat-2.0.2.RELEASE.jar;D:\install\apache-maven-3.5.4\repo\org\apache\tomcat\embed\tomcat-embed-core\8.5.31\tomcat-embed-core-8.5.31.jar;D:\install\apache-maven-3.5.4\repo\org\apache\tomcat\embed\tomcat-embed-el\8.5.31\tomcat-embed-el-8.5.31.jar;D:\install\apache-maven-3.5.4\repo\org\apache\tomcat\embed\tomcat-embed-websocket\8.5.31\tomcat-embed-websocket-8.5.31.jar;D:\install\apache-maven-3.5.4\repo\org\springframework\spring-webmvc\5.0.6.RELEASE\spring-webmvc-5.0.6.RELEASE.jar;D:\install\apache-maven-3.5.4\repo\org\springframework\boot\spring-boot-starter-test\2.0.2.RELEASE\spring-boot-starter-test-2.0.2.RELEASE.jar;D:\install\apache-maven-3.5.4\repo\org\springframework\boot\spring-boot-test\2.0.2.RELEASE\spring-boot-test-2.0.2.RELEASE.jar;D:\install\apache-maven-3.5.4\repo\org\springframework\boot\spring-boot-test-autoconfigure\2.0.2.RELEASE\spring-boot-test-autoconfigure-2.0.2.RELEASE.jar;D:\install\apache-maven-3.5.4\repo\com\jayway\jsonpath\json-path\2.4.0\json-path-2.4.0.jar;D:\install\apache-maven-3.5.4\repo\net\minidev\json-smart\2.3\json-smart-2.3.jar;D:\install\apache-maven-3.5.4\repo\net\minidev\accessors-smart\1.2\accessors-smart-1.2.jar;D:\install\apache-maven-3.5.4\repo\org\ow2\asm\asm\5.0.4\asm-5.0.4.jar;D:\install\apache-maven-3.5.4\repo\junit\junit\4.12\junit-4.12.jar;D:\install\apache-maven-3.5.4\repo\org\assertj\assertj-core\3.9.1\assertj-core-3.9.1.jar;D:\install\apache-maven-3.5.4\repo\org\mockito\mockito-core\2.15.0\mockito-core-2.15.0.jar;D:\install\apache-maven-3.5.4\repo\net\bytebuddy\byte-buddy\1.7.11\byte-buddy-1.7.11.jar;D:\install\apache-maven-3.5.4\repo\net\bytebuddy\byte-buddy-agent\1.7.11\byte-buddy-agent-1.7.11.jar;D:\install\apache-maven-3.5.4\repo\org\objenesis\objenesis\2.1\objenesis-2.1.jar;D:\install\apache-maven-3.5.4\repo\org\hamcrest\hamcrest-core\1.3\hamcrest-core-1.3.jar;D:\install\apache-maven-3.5.4\repo\org\hamcrest\hamcrest-library\1.3\hamcrest-library-1.3.jar;D:\install\apache-maven-3.5.4\repo\org\skyscreamer\jsonassert\1.5.0\jsonassert-1.5.0.jar;D:\install\apache-maven-3.5.4\repo\com\vaadin\external\google\android-json\0.0.20131108.vaadin1\android-json-0.0.20131108.vaadin1.jar;D:\install\apache-maven-3.5.4\repo\org\springframework\spring-core\5.0.6.RELEASE\spring-core-5.0.6.RELEASE.jar;D:\install\apache-maven-3.5.4\repo\org\springframework\spring-jcl\5.0.6.RELEASE\spring-jcl-5.0.6.RELEASE.jar;D:\install\apache-maven-3.5.4\repo\org\springframework\spring-test\5.0.6.RELEASE\spring-test-5.0.6.RELEASE.jar;D:\install\apache-maven-3.5.4\repo\org\xmlunit\xmlunit-core\2.5.1\xmlunit-core-2.5.1.jar;D:\install\apache-maven-3.5.4\repo\io\projectreactor\reactor-test\3.1.7.RELEASE\reactor-test-3.1.7.RELEASE.jar;D:\install\apache-maven-3.5.4\repo\io\projectreactor\reactor-core\3.1.7.RELEASE\reactor-core-3.1.7.RELEASE.jar;D:\install\apache-maven-3.5.4\repo\org\reactivestreams\reactive-streams\1.0.2\reactive-streams-1.0.2.jar;D:\install\apache-maven-3.5.4\repo\org\springframework\cloud\spring-cloud-starter-feign\1.1.5.RELEASE\spring-cloud-starter-feign-1.1.5.RELEASE.jar;D:\install\apache-maven-3.5.4\repo\org\springframework\cloud\spring-cloud-starter\1.1.1.RELEASE\spring-cloud-starter-1.1.1.RELEASE.jar;D:\install\apache-maven-3.5.4\repo\org\springframework\security\spring-security-rsa\1.0.1.RELEASE\spring-security-rsa-1.0.1.RELEASE.jar;D:\install\apache-maven-3.5.4\repo\org\bouncycastle\bcpkix-jdk15on\1.47\bcpkix-jdk15on-1.47.jar;D:\install\apache-maven-3.5.4\repo\org\bouncycastle\bcprov-jdk15on\1.47\bcprov-jdk15on-1.47.jar;D:\install\apache-maven-3.5.4\repo\org\springframework\cloud\spring-cloud-commons\1.1.1.RELEASE\spring-cloud-commons-1.1.1.RELEASE.jar;D:\install\apache-maven-3.5.4\repo\org\springframework\security\spring-security-crypto\5.0.5.RELEASE\spring-security-crypto-5.0.5.RELEASE.jar;D:\install\apache-maven-3.5.4\repo\com\netflix\feign\feign-core\8.16.2\feign-core-8.16.2.jar;D:\install\apache-maven-3.5.4\repo\org\jvnet\animal-sniffer-annotation\1.0\animal-sniffer-annotation-1.0.jar;D:\install\apache-maven-3.5.4\repo\com\netflix\feign\feign-slf4j\8.16.2\feign-slf4j-8.16.2.jar;D:\install\apache-maven-3.5.4\repo\com\netflix\feign\feign-hystrix\8.16.2\feign-hystrix-8.16.2.jar;D:\install\apache-maven-3.5.4\repo\com\netflix\hystrix\hystrix-core\1.5.3\hystrix-core-1.5.3.jar;D:\install\apache-maven-3.5.4\repo\org\springframework\cloud\spring-cloud-starter-archaius\1.1.5.RELEASE\spring-cloud-starter-archaius-1.1.5.RELEASE.jar;D:\install\apache-maven-3.5.4\repo\com\netflix\archaius\archaius-core\0.7.4\archaius-core-0.7.4.jar;D:\install\apache-maven-3.5.4\repo\com\google\code\findbugs\jsr305\3.0.1\jsr305-3.0.1.jar;D:\install\apache-maven-3.5.4\repo\commons-configuration\commons-configuration\1.8\commons-configuration-1.8.jar;D:\install\apache-maven-3.5.4\repo\commons-logging\commons-logging\1.1.1\commons-logging-1.1.1.jar;D:\install\apache-maven-3.5.4\repo\com\fasterxml\jackson\core\jackson-annotations\2.9.0\jackson-annotations-2.9.0.jar;D:\install\apache-maven-3.5.4\repo\com\fasterxml\jackson\core\jackson-core\2.9.5\jackson-core-2.9.5.jar;D:\install\apache-maven-3.5.4\repo\com\google\guava\guava\18.0\guava-18.0.jar;, user.name=chentaikuang, java.vm.specification.version=1.8, sun.java.command=C:\Users\CHENTA~1\AppData\Local\Temp\surefire9105424707794164565\surefirebooter3786374194449593413.jar C:\Users\chentaikuang\AppData\Local\Temp\surefire9105424707794164565 2018-11-01T18-33-23_211-jvmRun1 surefire908142792619887335tmp surefire_03745164626602476387tmp, java.home=D:\install\jdk1.8.0_181\jre, sun.arch.data.model=64, user.language=zh, java.specification.vendor=Oracle Corporation, awt.toolkit=sun.awt.windows.WToolkit, java.vm.info=mixed mode, java.version=1.8.0_181, java.ext.dirs=D:\install\jdk1.8.0_181\jre\lib\ext;C:\Windows\Sun\Java\lib\ext, sun.boot.class.path=D:\install\jdk1.8.0_181\jre\lib\resources.jar;D:\install\jdk1.8.0_181\jre\lib\rt.jar;D:\install\jdk1.8.0_181\jre\lib\sunrsasign.jar;D:\install\jdk1.8.0_181\jre\lib\jsse.jar;D:\install\jdk1.8.0_181\jre\lib\jce.jar;D:\install\jdk1.8.0_181\jre\lib\charsets.jar;D:\install\jdk1.8.0_181\jre\lib\jfr.jar;D:\install\jdk1.8.0_181\jre\classes, java.vendor=Oracle Corporation, localRepository=D:\install\apache-maven-3.5.4\repo, file.separator=\, java.vendor.url.bug=http://bugreport.sun.com/bugreport/, sun.io.unicode.encoding=UnicodeLittle, sun.cpu.endian=little, sun.desktop=windows, sun.cpu.isalist=amd64}}, SystemEnvironmentPropertySource@1571798597 {name='systemEnvironment', properties={PATH=C:\Program Files (x86)\Common Files\Oracle\Java\javapath;C:\Windows\system32;C:\Windows;C:\Windows\System32\Wbem;C:\Windows\System32\WindowsPowerShell\v1.0\;C:\Program Files\MySQL\MySQL Utilities 1.6\;C:\Windows\system32;C:\Windows;C:\Windows\System32\Wbem;C:\Windows\System32\WindowsPowerShell\v1.0\;D:\install\Git\cmd;D:\install\jdk1.8.0_181\bin;D:\install\jdk1.8.0_181\jre\bin;D:\install\gradle-4.10.2\bin;D:\install\apache-maven-3.5.4\bin;, PROCESSOR_LEVEL=6, SYSTEMDRIVE=C:, FP_NO_HOST_CHECK=NO, SESSIONNAME=Console, ALLUSERSPROFILE=C:\ProgramData, PROCESSOR_ARCHITECTURE=AMD64, MAVEN_HOME=D:\install\apache-maven-3.5.4\bin\.., PROGRAMFILES=C:\Program Files, PSMODULEPATH=C:\Windows\system32\WindowsPowerShell\v1.0\Modules\, PROGRAMDATA=C:\ProgramData, USERNAME=chentaikuang, WDIR=D:\, PATHEXT=.COM;.EXE;.BAT;.CMD;.VBS;.VBE;.JS;.JSE;.WSF;.WSH;.MSC, CLASSWORLDS_JAR="D:\install\apache-maven-3.5.4\bin\..\boot\plexus-classworlds-2.5.2.jar", WINDIR=C:\Windows, HOMEPATH=\Users\chentaikuang, PROCESSOR_IDENTIFIER=Intel64 Family 6 Model 158 Stepping 9, GenuineIntel, WINDOWS_TRACING_LOGFILE=C:\BVTBin\Tests\installpackage\csilogfile.log, PUBLIC=C:\Users\Public, =::=::\, =EXITCODE=00000001, LOCALAPPDATA=C:\Users\chentaikuang\AppData\Local, COMMONPROGRAMFILES(X86)=C:\Program Files (x86)\Common Files, USERDOMAIN=HT1HTP2, LOGONSERVER=\\HT1HTP2, JAVA_HOME=D:\install\jdk1.8.0_181, PROMPT=$P$G, PROGRAMFILES(X86)=C:\Program Files (x86), ERROR_CODE=0, EXEC_DIR=D:\work\git\consul-service-client-demo, GRADLE_HOME=D:\install\gradle-4.10.2, WINDOWS_TRACING_FLAGS=3, APPDATA=C:\Users\chentaikuang\AppData\Roaming, GRADLE_USER_HOME=D:\install\gradle-4.10.2\.gradle, PROGRAMW6432=C:\Program Files, SYSTEMROOT=C:\Windows, MAVEN_CMD_LINE_ARGS=clean install, OS=Windows_NT, COMMONPROGRAMW6432=C:\Program Files\Common Files, COMPUTERNAME=HT1HTP2, COMMONPROGRAMFILES=C:\Program Files\Common Files, COMSPEC=C:\Windows\system32\cmd.exe, JAVACMD=D:\install\jdk1.8.0_181\bin\java.exe, MAVEN_PROJECTBASEDIR=D:\work\git\consul-service-client-demo, PROCESSOR_REVISION=9e09, CLASSPATH=.;D:\install\jdk1.8.0_181\lib;D:\install\jdk1.8.0_181\lib\tools.jar, CLASSWORLDS_LAUNCHER=org.codehaus.plexus.classworlds.launcher.Launcher, =D:=D:\work\git\consul-service-client-demo, TEMP=C:\Users\CHENTA~1\AppData\Local\Temp, HOMEDRIVE=C:, USERPROFILE=C:\Users\chentaikuang, TMP=C:\Users\CHENTA~1\AppData\Local\Temp, NUMBER_OF_PROCESSORS=4, JVMCONFIG=\.mvn\jvm.config}}]
18:33:24.317 [main] DEBUG org.springframework.test.context.support.TestPropertySourceUtils - Adding inlined properties to environment: {spring.jmx.enabled=false, org.springframework.boot.test.context.SpringBootTestContextBootstrapper=true, server.port=-1}
18:33:24.317 [main] DEBUG org.springframework.core.env.StandardEnvironment - Adding PropertySource 'Inlined Test Properties' with highest search precedence
18:33:24.353 [main] DEBUG org.springframework.boot.context.logging.ClasspathLoggingApplicationListener - Application failed to start with classpath: [file:/C:/Users/chentaikuang/AppData/Local/Temp/surefire9105424707794164565/surefirebooter3786374194449593413.jar]
18:33:24.381 [background-preinit] DEBUG org.jboss.logging - Logging Provider: org.jboss.logging.Log4j2LoggerProvider
18:33:24.383 [background-preinit] INFO org.hibernate.validator.internal.util.Version - HV000001: Hibernate Validator 6.0.9.Final
18:33:24.405 [background-preinit] DEBUG org.hibernate.validator.internal.engine.resolver.TraversableResolvers - Cannot find javax.persistence.Persistence on classpath. Assuming non JPA 2 environment. All properties will per default be traversable.
18:33:24.410 [background-preinit] DEBUG org.hibernate.validator.internal.xml.ValidationXmlParser - Trying to load META-INF/validation.xml for XML based Validator configuration.
18:33:24.411 [background-preinit] DEBUG org.hibernate.validator.internal.xml.ResourceLoaderHelper - Trying to load META-INF/validation.xml via TCCL
18:33:24.412 [background-preinit] DEBUG org.hibernate.validator.internal.xml.ResourceLoaderHelper - Trying to load META-INF/validation.xml via Hibernate Validator's class loader
18:33:24.412 [background-preinit] DEBUG org.hibernate.validator.internal.xml.ValidationXmlParser - No META-INF/validation.xml found. Using annotation based configuration only.
18:33:24.556 [background-preinit] DEBUG org.hibernate.validator.messageinterpolation.ResourceBundleMessageInterpolator - Loaded expression factory via original TCCL
18:33:24.562 [background-preinit] DEBUG org.hibernate.validator.internal.engine.ValidatorFactoryImpl - HV000234: Using org.hibernate.validator.messageinterpolation.ResourceBundleMessageInterpolator as ValidatorFactory-scoped message interpolator.
18:33:24.562 [background-preinit] DEBUG org.hibernate.validator.internal.engine.ValidatorFactoryImpl - HV000234: Using org.hibernate.validator.internal.engine.resolver.TraverseAllTraversableResolver as ValidatorFactory-scoped traversable resolver.
18:33:24.562 [background-preinit] DEBUG org.hibernate.validator.internal.engine.ValidatorFactoryImpl - HV000234: Using org.hibernate.validator.internal.util.ExecutableParameterNameProvider as ValidatorFactory-scoped parameter name provider.
18:33:24.562 [background-preinit] DEBUG org.hibernate.validator.internal.engine.ValidatorFactoryImpl - HV000234: Using org.hibernate.validator.internal.engine.DefaultClockProvider as ValidatorFactory-scoped clock provider.
18:33:24.562 [background-preinit] DEBUG org.hibernate.validator.internal.engine.ValidatorFactoryImpl - HV000234: Using org.hibernate.validator.internal.engine.scripting.DefaultScriptEvaluatorFactory as ValidatorFactory-scoped script evaluator factory.
18:33:24.980 [main] ERROR org.springframework.boot.SpringApplication - Application run failed
java.lang.NoSuchMethodError: org.springframework.boot.builder.SpringApplicationBuilder.<init>([Ljava/lang/Object;)V
	at org.springframework.cloud.bootstrap.BootstrapApplicationListener.bootstrapServiceContext(BootstrapApplicationListener.java:120)
	at org.springframework.cloud.bootstrap.BootstrapApplicationListener.onApplicationEvent(BootstrapApplicationListener.java:84)
	at org.springframework.cloud.bootstrap.BootstrapApplicationListener.onApplicationEvent(BootstrapApplicationListener.java:62)
	at org.springframework.context.event.SimpleApplicationEventMulticaster.doInvokeListener(SimpleApplicationEventMulticaster.java:172)
	at org.springframework.context.event.SimpleApplicationEventMulticaster.invokeListener(SimpleApplicationEventMulticaster.java:165)
	at org.springframework.context.event.SimpleApplicationEventMulticaster.multicastEvent(SimpleApplicationEventMulticaster.java:139)
	at org.springframework.context.event.SimpleApplicationEventMulticaster.multicastEvent(SimpleApplicationEventMulticaster.java:127)
	at org.springframework.boot.context.event.EventPublishingRunListener.environmentPrepared(EventPublishingRunListener.java:74)
	at org.springframework.boot.SpringApplicationRunListeners.environmentPrepared(SpringApplicationRunListeners.java:54)
	at org.springframework.boot.SpringApplication.prepareEnvironment(SpringApplication.java:358)
	at org.springframework.boot.SpringApplication.run(SpringApplication.java:317)
	at org.springframework.boot.test.context.SpringBootContextLoader.loadContext(SpringBootContextLoader.java:139)
	at org.springframework.test.context.cache.DefaultCacheAwareContextLoaderDelegate.loadContextInternal(DefaultCacheAwareContextLoaderDelegate.java:99)
	at org.springframework.test.context.cache.DefaultCacheAwareContextLoaderDelegate.loadContext(DefaultCacheAwareContextLoaderDelegate.java:117)
	at org.springframework.test.context.support.DefaultTestContext.getApplicationContext(DefaultTestContext.java:108)
	at org.springframework.test.context.web.ServletTestExecutionListener.setUpRequestContextIfNecessary(ServletTestExecutionListener.java:190)
	at org.springframework.test.context.web.ServletTestExecutionListener.prepareTestInstance(ServletTestExecutionListener.java:132)
	at org.springframework.test.context.TestContextManager.prepareTestInstance(TestContextManager.java:246)
	at org.springframework.test.context.junit4.SpringJUnit4ClassRunner.createTest(SpringJUnit4ClassRunner.java:227)
	at org.springframework.test.context.junit4.SpringJUnit4ClassRunner$1.runReflectiveCall(SpringJUnit4ClassRunner.java:289)
	at org.junit.internal.runners.model.ReflectiveCallable.run(ReflectiveCallable.java:12)
	at org.springframework.test.context.junit4.SpringJUnit4ClassRunner.methodBlock(SpringJUnit4ClassRunner.java:291)
	at org.springframework.test.context.junit4.SpringJUnit4ClassRunner.runChild(SpringJUnit4ClassRunner.java:246)
	at org.springframework.test.context.junit4.SpringJUnit4ClassRunner.runChild(SpringJUnit4ClassRunner.java:97)
	at org.junit.runners.ParentRunner$3.run(ParentRunner.java:290)
	at org.junit.runners.ParentRunner$1.schedule(ParentRunner.java:71)
	at org.junit.runners.ParentRunner.runChildren(ParentRunner.java:288)
	at org.junit.runners.ParentRunner.access$000(ParentRunner.java:58)
	at org.junit.runners.ParentRunner$2.evaluate(ParentRunner.java:268)
	at org.springframework.test.context.junit4.statements.RunBeforeTestClassCallbacks.evaluate(RunBeforeTestClassCallbacks.java:61)
	at org.springframework.test.context.junit4.statements.RunAfterTestClassCallbacks.evaluate(RunAfterTestClassCallbacks.java:70)
	at org.junit.runners.ParentRunner.run(ParentRunner.java:363)
	at org.springframework.test.context.junit4.SpringJUnit4ClassRunner.run(SpringJUnit4ClassRunner.java:190)
	at org.apache.maven.surefire.junit4.JUnit4Provider.execute(JUnit4Provider.java:365)
	at org.apache.maven.surefire.junit4.JUnit4Provider.executeWithRerun(JUnit4Provider.java:273)
	at org.apache.maven.surefire.junit4.JUnit4Provider.executeTestSet(JUnit4Provider.java:238)
	at org.apache.maven.surefire.junit4.JUnit4Provider.invoke(JUnit4Provider.java:159)
	at org.apache.maven.surefire.booter.ForkedBooter.invokeProviderInSameClassLoader(ForkedBooter.java:379)
	at org.apache.maven.surefire.booter.ForkedBooter.runSuitesInProcess(ForkedBooter.java:340)
	at org.apache.maven.surefire.booter.ForkedBooter.execute(ForkedBooter.java:125)
	at org.apache.maven.surefire.booter.ForkedBooter.main(ForkedBooter.java:413)
18:33:24.981 [main] ERROR org.springframework.test.context.TestContextManager - Caught exception while allowing TestExecutionListener [org.springframework.test.context.web.ServletTestExecutionListener@25be7b63] to prepare test instance [com.xiaochen.ec.EcApplicationTests@4b2c5e02]
java.lang.NoSuchMethodError: org.springframework.boot.builder.SpringApplicationBuilder.<init>([Ljava/lang/Object;)V
	at org.springframework.cloud.bootstrap.BootstrapApplicationListener.bootstrapServiceContext(BootstrapApplicationListener.java:120)
	at org.springframework.cloud.bootstrap.BootstrapApplicationListener.onApplicationEvent(BootstrapApplicationListener.java:84)
	at org.springframework.cloud.bootstrap.BootstrapApplicationListener.onApplicationEvent(BootstrapApplicationListener.java:62)
	at org.springframework.context.event.SimpleApplicationEventMulticaster.doInvokeListener(SimpleApplicationEventMulticaster.java:172)
	at org.springframework.context.event.SimpleApplicationEventMulticaster.invokeListener(SimpleApplicationEventMulticaster.java:165)
	at org.springframework.context.event.SimpleApplicationEventMulticaster.multicastEvent(SimpleApplicationEventMulticaster.java:139)
	at org.springframework.context.event.SimpleApplicationEventMulticaster.multicastEvent(SimpleApplicationEventMulticaster.java:127)
	at org.springframework.boot.context.event.EventPublishingRunListener.environmentPrepared(EventPublishingRunListener.java:74)
	at org.springframework.boot.SpringApplicationRunListeners.environmentPrepared(SpringApplicationRunListeners.java:54)
	at org.springframework.boot.SpringApplication.prepareEnvironment(SpringApplication.java:358)
	at org.springframework.boot.SpringApplication.run(SpringApplication.java:317)
	at org.springframework.boot.test.context.SpringBootContextLoader.loadContext(SpringBootContextLoader.java:139)
	at org.springframework.test.context.cache.DefaultCacheAwareContextLoaderDelegate.loadContextInternal(DefaultCacheAwareContextLoaderDelegate.java:99)
	at org.springframework.test.context.cache.DefaultCacheAwareContextLoaderDelegate.loadContext(DefaultCacheAwareContextLoaderDelegate.java:117)
	at org.springframework.test.context.support.DefaultTestContext.getApplicationContext(DefaultTestContext.java:108)
	at org.springframework.test.context.web.ServletTestExecutionListener.setUpRequestContextIfNecessary(ServletTestExecutionListener.java:190)
	at org.springframework.test.context.web.ServletTestExecutionListener.prepareTestInstance(ServletTestExecutionListener.java:132)
	at org.springframework.test.context.TestContextManager.prepareTestInstance(TestContextManager.java:246)
	at org.springframework.test.context.junit4.SpringJUnit4ClassRunner.createTest(SpringJUnit4ClassRunner.java:227)
	at org.springframework.test.context.junit4.SpringJUnit4ClassRunner$1.runReflectiveCall(SpringJUnit4ClassRunner.java:289)
	at org.junit.internal.runners.model.ReflectiveCallable.run(ReflectiveCallable.java:12)
	at org.springframework.test.context.junit4.SpringJUnit4ClassRunner.methodBlock(SpringJUnit4ClassRunner.java:291)
	at org.springframework.test.context.junit4.SpringJUnit4ClassRunner.runChild(SpringJUnit4ClassRunner.java:246)
	at org.springframework.test.context.junit4.SpringJUnit4ClassRunner.runChild(SpringJUnit4ClassRunner.java:97)
	at org.junit.runners.ParentRunner$3.run(ParentRunner.java:290)
	at org.junit.runners.ParentRunner$1.schedule(ParentRunner.java:71)
	at org.junit.runners.ParentRunner.runChildren(ParentRunner.java:288)
	at org.junit.runners.ParentRunner.access$000(ParentRunner.java:58)
	at org.junit.runners.ParentRunner$2.evaluate(ParentRunner.java:268)
	at org.springframework.test.context.junit4.statements.RunBeforeTestClassCallbacks.evaluate(RunBeforeTestClassCallbacks.java:61)
	at org.springframework.test.context.junit4.statements.RunAfterTestClassCallbacks.evaluate(RunAfterTestClassCallbacks.java:70)
	at org.junit.runners.ParentRunner.run(ParentRunner.java:363)
	at org.springframework.test.context.junit4.SpringJUnit4ClassRunner.run(SpringJUnit4ClassRunner.java:190)
	at org.apache.maven.surefire.junit4.JUnit4Provider.execute(JUnit4Provider.java:365)
	at org.apache.maven.surefire.junit4.JUnit4Provider.executeWithRerun(JUnit4Provider.java:273)
	at org.apache.maven.surefire.junit4.JUnit4Provider.executeTestSet(JUnit4Provider.java:238)
	at org.apache.maven.surefire.junit4.JUnit4Provider.invoke(JUnit4Provider.java:159)
	at org.apache.maven.surefire.booter.ForkedBooter.invokeProviderInSameClassLoader(ForkedBooter.java:379)
	at org.apache.maven.surefire.booter.ForkedBooter.runSuitesInProcess(ForkedBooter.java:340)
	at org.apache.maven.surefire.booter.ForkedBooter.execute(ForkedBooter.java:125)
	at org.apache.maven.surefire.booter.ForkedBooter.main(ForkedBooter.java:413)
]]></system-out>
  </testcase>
</testsuite>